# JRE version: OpenJDK Runtime Environment AdoptOpenJDK-16.0.1+9 (16.0.1+9) (build 16.0.1+9)
# Java VM: OpenJDK 64-Bit Server VM AdoptOpenJDK-16.0.1+9 (16.0.1+9, mixed mode, sharing, tiered, compressed oops, compressed class ptrs, parallel gc, bsd-amd64)
GC Precious Log:
 CPUs: 8 total, 8 available
 Memory: 8192M
 Large Page Support: Disabled
 NUMA Support: Disabled
 Compressed Oops: Enabled (Zero based)
 Alignments: Space 512K, Generation 512K, Heap 2M
 Heap Min Capacity: 100M
 Heap Initial Capacity: 100M
 Heap Max Capacity: 1G
 Pre-touch: Disabled
 Parallel Workers: 8
Heap:
 PSYoungGen      total 3584K, used 864K [0x00000007eab00000, 0x00000007eaf80000, 0x0000000800000000)
  eden space 2560K, 0% used [0x00000007eab00000,0x00000007eab00000,0x00000007ead80000)
  from space 1024K, 84% used [0x00000007ead80000,0x00000007eae58000,0x00000007eae80000)
  to   space 1024K, 0% used [0x00000007eae80000,0x00000007eae80000,0x00000007eaf80000)
 ParOldGen       total 120832K, used 120488K [0x00000007c0000000, 0x00000007c7600000, 0x00000007eab00000)
  object space 120832K, 99% used [0x00000007c0000000,0x00000007c75aa0c0,0x00000007c7600000)
 Metaspace       used 71928K, committed 72832K, reserved 1114112K
  class space    used 7208K, committed 7616K, reserved 1048576K
GC Heap History (20 events):
Event: 154.884 GC heap after
{Heap after GC invocations=820 (full 29):
 PSYoungGen      total 3072K, used 288K [0x00000007eab00000, 0x00000007eaf80000, 0x0000000800000000)
  eden space 2560K, 0% used [0x00000007eab00000,0x00000007eab00000,0x00000007ead80000)
  from space 512K, 56% used [0x00000007eaf00000,0x00000007eaf48000,0x00000007eaf80000)
  to   space 1024K, 0% used [0x00000007ead80000,0x00000007ead80000,0x00000007eae80000)
 ParOldGen       total 120832K, used 113759K [0x00000007c0000000, 0x00000007c7600000, 0x00000007eab00000)
  object space 120832K, 94% used [0x00000007c0000000,0x00000007c6f17e00,0x00000007c7600000)
 Metaspace       used 71916K, committed 72832K, reserved 1114112K
  class space    used 7208K, committed 7616K, reserved 1048576K
}
Event: 155.670 GC heap before
{Heap before GC invocations=821 (full 29):
 PSYoungGen      total 3072K, used 2848K [0x00000007eab00000, 0x00000007eaf80000, 0x0000000800000000)
  eden space 2560K, 100% used [0x00000007eab00000,0x00000007ead80000,0x00000007ead80000)
  from space 512K, 56% used [0x00000007eaf00000,0x00000007eaf48000,0x00000007eaf80000)
  to   space 1024K, 0% used [0x00000007ead80000,0x00000007ead80000,0x00000007eae80000)
 ParOldGen       total 120832K, used 113759K [0x00000007c0000000, 0x00000007c7600000, 0x00000007eab00000)
  object space 120832K, 94% used [0x00000007c0000000,0x00000007c6f17e00,0x00000007c7600000)
 Metaspace       used 71919K, committed 72832K, reserved 1114112K
  class space    used 7208K, committed 7616K, reserved 1048576K
}
Event: 155.671 GC heap after
{Heap after GC invocations=821 (full 29):
 PSYoungGen      total 3584K, used 1014K [0x00000007eab00000, 0x00000007eb080000, 0x0000000800000000)
  eden space 2560K, 0% used [0x00000007eab00000,0x00000007eab00000,0x00000007ead80000)
  from space 1024K, 99% used [0x00000007ead80000,0x00000007eae7d980,0x00000007eae80000)
  to   space 1536K, 0% used [0x00000007eaf00000,0x00000007eaf00000,0x00000007eb080000)
 ParOldGen       total 120832K, used 113863K [0x00000007c0000000, 0x00000007c7600000, 0x00000007eab00000)
  object space 120832K, 94% used [0x00000007c0000000,0x00000007c6f31e10,0x00000007c7600000)
 Metaspace       used 71919K, committed 72832K, reserved 1114112K
  class space    used 7208K, committed 7616K, reserved 1048576K
}
Event: 155.678 GC heap before
{Heap before GC invocations=822 (full 29):
 PSYoungGen      total 3584K, used 3574K [0x00000007eab00000, 0x00000007eb080000, 0x0000000800000000)
  eden space 2560K, 100% used [0x00000007eab00000,0x00000007ead80000,0x00000007ead80000)
  from space 1024K, 99% used [0x00000007ead80000,0x00000007eae7d980,0x00000007eae80000)
  to   space 1536K, 0% used [0x00000007eaf00000,0x00000007eaf00000,0x00000007eb080000)
 ParOldGen       total 120832K, used 113863K [0x00000007c0000000, 0x00000007c7600000, 0x00000007eab00000)
  object space 120832K, 94% used [0x00000007c0000000,0x00000007c6f31e10,0x00000007c7600000)
 Metaspace       used 71923K, committed 72832K, reserved 1114112K
  class space    used 7208K, committed 7616K, reserved 1048576K
}
Event: 155.679 GC heap after
{Heap after GC invocations=822 (full 29):
 PSYoungGen      total 4096K, used 1102K [0x00000007eab00000, 0x00000007eb080000, 0x0000000800000000)
  eden space 2560K, 0% used [0x00000007eab00000,0x00000007eab00000,0x00000007ead80000)
  from space 1536K, 71% used [0x00000007eaf00000,0x00000007eb0139c0,0x00000007eb080000)
  to   space 1536K, 0% used [0x00000007ead80000,0x00000007ead80000,0x00000007eaf00000)
 ParOldGen       total 120832K, used 114182K [0x00000007c0000000, 0x00000007c7600000, 0x00000007eab00000)
  object space 120832K, 94% used [0x00000007c0000000,0x00000007c6f81ab0,0x00000007c7600000)
 Metaspace       used 71923K, committed 72832K, reserved 1114112K
  class space    used 7208K, committed 7616K, reserved 1048576K
}
Event: 155.684 GC heap before
{Heap before GC invocations=823 (full 29):
 PSYoungGen      total 4096K, used 3656K [0x00000007eab00000, 0x00000007eb080000, 0x0000000800000000)
  eden space 2560K, 99% used [0x00000007eab00000,0x00000007ead7e848,0x00000007ead80000)
  from space 1536K, 71% used [0x00000007eaf00000,0x00000007eb0139c0,0x00000007eb080000)
  to   space 1536K, 0% used [0x00000007ead80000,0x00000007ead80000,0x00000007eaf00000)
 ParOldGen       total 120832K, used 114182K [0x00000007c0000000, 0x00000007c7600000, 0x00000007eab00000)
  object space 120832K, 94% used [0x00000007c0000000,0x00000007c6f81ab0,0x00000007c7600000)
 Metaspace       used 71924K, committed 72832K, reserved 1114112K
  class space    used 7208K, committed 7616K, reserved 1048576K
}
Event: 155.685 GC heap after
{Heap after GC invocations=823 (full 29):
 PSYoungGen      total 4096K, used 1216K [0x00000007eab00000, 0x00000007eb080000, 0x0000000800000000)
  eden space 2560K, 0% used [0x00000007eab00000,0x00000007eab00000,0x00000007ead80000)
  from space 1536K, 79% used [0x00000007ead80000,0x00000007eaeb0000,0x00000007eaf00000)
  to   space 1536K, 0% used [0x00000007eaf00000,0x00000007eaf00000,0x00000007eb080000)
 ParOldGen       total 120832K, used 115130K [0x00000007c0000000, 0x00000007c7600000, 0x00000007eab00000)
  object space 120832K, 95% used [0x00000007c0000000,0x00000007c706e9c8,0x00000007c7600000)
 Metaspace       used 71924K, committed 72832K, reserved 1114112K
  class space    used 7208K, committed 7616K, reserved 1048576K
}
Event: 155.695 GC heap before
{Heap before GC invocations=824 (full 29):
 PSYoungGen      total 4096K, used 3776K [0x00000007eab00000, 0x00000007eb080000, 0x0000000800000000)
  eden space 2560K, 100% used [0x00000007eab00000,0x00000007ead80000,0x00000007ead80000)
  from space 1536K, 79% used [0x00000007ead80000,0x00000007eaeb0000,0x00000007eaf00000)
  to   space 1536K, 0% used [0x00000007eaf00000,0x00000007eaf00000,0x00000007eb080000)
 ParOldGen       total 120832K, used 115130K [0x00000007c0000000, 0x00000007c7600000, 0x00000007eab00000)
  object space 120832K, 95% used [0x00000007c0000000,0x00000007c706e9c8,0x00000007c7600000)
 Metaspace       used 71924K, committed 72832K, reserved 1114112K
  class space    used 7208K, committed 7616K, reserved 1048576K
}
Event: 155.697 GC heap after
{Heap after GC invocations=824 (full 29):
 PSYoungGen      total 3584K, used 896K [0x00000007eab00000, 0x00000007eb000000, 0x0000000800000000)
  eden space 2560K, 0% used [0x00000007eab00000,0x00000007eab00000,0x00000007ead80000)
  from space 1024K, 87% used [0x00000007eaf00000,0x00000007eafe0000,0x00000007eb000000)
  to   space 1024K, 0% used [0x00000007eae00000,0x00000007eae00000,0x00000007eaf00000)
 ParOldGen       total 120832K, used 116266K [0x00000007c0000000, 0x00000007c7600000, 0x00000007eab00000)
  object space 120832K, 96% used [0x00000007c0000000,0x00000007c718a9c8,0x00000007c7600000)
 Metaspace       used 71924K, committed 72832K, reserved 1114112K
  class space    used 7208K, committed 7616K, reserved 1048576K
}
Event: 155.705 GC heap before
{Heap before GC invocations=825 (full 29):
 PSYoungGen      total 3584K, used 3456K [0x00000007eab00000, 0x00000007eb000000, 0x0000000800000000)
  eden space 2560K, 100% used [0x00000007eab00000,0x00000007ead80000,0x00000007ead80000)
  from space 1024K, 87% used [0x00000007eaf00000,0x00000007eafe0000,0x00000007eb000000)
  to   space 1024K, 0% used [0x00000007eae00000,0x00000007eae00000,0x00000007eaf00000)
 ParOldGen       total 120832K, used 116266K [0x00000007c0000000, 0x00000007c7600000, 0x00000007eab00000)
  object space 120832K, 96% used [0x00000007c0000000,0x00000007c718a9c8,0x00000007c7600000)
 Metaspace       used 71926K, committed 72832K, reserved 1114112K
  class space    used 7208K, committed 7616K, reserved 1048576K
}
Event: 155.706 GC heap after
{Heap after GC invocations=825 (full 29):
 PSYoungGen      total 3584K, used 910K [0x00000007eab00000, 0x00000007eaf80000, 0x0000000800000000)
  eden space 2560K, 0% used [0x00000007eab00000,0x00000007eab00000,0x00000007ead80000)
  from space 1024K, 88% used [0x00000007eae00000,0x00000007eaee3ba0,0x00000007eaf00000)
  to   space 512K, 0% used [0x00000007eaf00000,0x00000007eaf00000,0x00000007eaf80000)
 ParOldGen       total 120832K, used 117061K [0x00000007c0000000, 0x00000007c7600000, 0x00000007eab00000)
  object space 120832K, 96% used [0x00000007c0000000,0x00000007c72517b8,0x00000007c7600000)
 Metaspace       used 71926K, committed 72832K, reserved 1114112K
  class space    used 7208K, committed 7616K, reserved 1048576K
}
Event: 155.712 GC heap before
{Heap before GC invocations=826 (full 29):
 PSYoungGen      total 3584K, used 3470K [0x00000007eab00000, 0x00000007eaf80000, 0x0000000800000000)
  eden space 2560K, 100% used [0x00000007eab00000,0x00000007ead80000,0x00000007ead80000)
  from space 1024K, 88% used [0x00000007eae00000,0x00000007eaee3ba0,0x00000007eaf00000)
  to   space 512K, 0% used [0x00000007eaf00000,0x00000007eaf00000,0x00000007eaf80000)
 ParOldGen       total 120832K, used 117061K [0x00000007c0000000, 0x00000007c7600000, 0x00000007eab00000)
  object space 120832K, 96% used [0x00000007c0000000,0x00000007c72517b8,0x00000007c7600000)
 Metaspace       used 71926K, committed 72832K, reserved 1114112K
  class space    used 7208K, committed 7616K, reserved 1048576K
}
Event: 155.713 GC heap after
{Heap after GC invocations=826 (full 29):
 PSYoungGen      total 2048K, used 509K [0x00000007eab00000, 0x00000007eb280000, 0x0000000800000000)
  eden space 1536K, 0% used [0x00000007eab00000,0x00000007eab00000,0x00000007eac80000)
  from space 512K, 99% used [0x00000007eaf00000,0x00000007eaf7f730,0x00000007eaf80000)
  to   space 2560K, 0% used [0x00000007eac80000,0x00000007eac80000,0x00000007eaf00000)
 ParOldGen       total 120832K, used 118537K [0x00000007c0000000, 0x00000007c7600000, 0x00000007eab00000)
  object space 120832K, 98% used [0x00000007c0000000,0x00000007c73c26b8,0x00000007c7600000)
 Metaspace       used 71926K, committed 72832K, reserved 1114112K
  class space    used 7208K, committed 7616K, reserved 1048576K
}
Event: 155.717 GC heap before
{Heap before GC invocations=827 (full 29):
 PSYoungGen      total 2048K, used 2045K [0x00000007eab00000, 0x00000007eb280000, 0x0000000800000000)
  eden space 1536K, 100% used [0x00000007eab00000,0x00000007eac80000,0x00000007eac80000)
  from space 512K, 99% used [0x00000007eaf00000,0x00000007eaf7f730,0x00000007eaf80000)
  to   space 2560K, 0% used [0x00000007eac80000,0x00000007eac80000,0x00000007eaf00000)
 ParOldGen       total 120832K, used 118537K [0x00000007c0000000, 0x00000007c7600000, 0x00000007eab00000)
  object space 120832K, 98% used [0x00000007c0000000,0x00000007c73c26b8,0x00000007c7600000)
 Metaspace       used 71927K, committed 72832K, reserved 1114112K
  class space    used 7208K, committed 7616K, reserved 1048576K
}
Event: 155.719 GC heap after
{Heap after GC invocations=827 (full 29):
 PSYoungGen      total 2560K, used 768K [0x00000007eab00000, 0x00000007eb000000, 0x0000000800000000)
  eden space 1536K, 0% used [0x00000007eab00000,0x00000007eab00000,0x00000007eac80000)
  from space 1024K, 75% used [0x00000007eac80000,0x00000007ead40010,0x00000007ead80000)
  to   space 1536K, 0% used [0x00000007eae80000,0x00000007eae80000,0x00000007eb000000)
 ParOldGen       total 120832K, used 119131K [0x00000007c0000000, 0x00000007c7600000, 0x00000007eab00000)
  object space 120832K, 98% used [0x00000007c0000000,0x00000007c7456e78,0x00000007c7600000)
 Metaspace       used 71927K, committed 72832K, reserved 1114112K
  class space    used 7208K, committed 7616K, reserved 1048576K
}
Event: 155.721 GC heap before
{Heap before GC invocations=828 (full 29):
 PSYoungGen      total 2560K, used 2304K [0x00000007eab00000, 0x00000007eb000000, 0x0000000800000000)
  eden space 1536K, 100% used [0x00000007eab00000,0x00000007eac80000,0x00000007eac80000)
  from space 1024K, 75% used [0x00000007eac80000,0x00000007ead40010,0x00000007ead80000)
  to   space 1536K, 0% used [0x00000007eae80000,0x00000007eae80000,0x00000007eb000000)
 ParOldGen       total 120832K, used 119131K [0x00000007c0000000, 0x00000007c7600000, 0x00000007eab00000)
  object space 120832K, 98% used [0x00000007c0000000,0x00000007c7456e78,0x00000007c7600000)
 Metaspace       used 71928K, committed 72832K, reserved 1114112K
  class space    used 7208K, committed 7616K, reserved 1048576K
}
Event: 155.723 GC heap after
{Heap after GC invocations=828 (full 29):
 PSYoungGen      total 3072K, used 807K [0x00000007eab00000, 0x00000007eaf80000, 0x0000000800000000)
  eden space 2048K, 0% used [0x00000007eab00000,0x00000007eab00000,0x00000007ead00000)
  from space 1024K, 78% used [0x00000007eae80000,0x00000007eaf49cf0,0x00000007eaf80000)
  to   space 1024K, 0% used [0x00000007ead80000,0x00000007ead80000,0x00000007eae80000)
 ParOldGen       total 120832K, used 119784K [0x00000007c0000000, 0x00000007c7600000, 0x00000007eab00000)
  object space 120832K, 99% used [0x00000007c0000000,0x00000007c74fa060,0x00000007c7600000)
 Metaspace       used 71928K, committed 72832K, reserved 1114112K
  class space    used 7208K, committed 7616K, reserved 1048576K
}
Event: 155.726 GC heap before
{Heap before GC invocations=829 (full 29):
 PSYoungGen      total 3072K, used 2855K [0x00000007eab00000, 0x00000007eaf80000, 0x0000000800000000)
  eden space 2048K, 100% used [0x00000007eab00000,0x00000007ead00000,0x00000007ead00000)
  from space 1024K, 78% used [0x00000007eae80000,0x00000007eaf49cf0,0x00000007eaf80000)
  to   space 1024K, 0% used [0x00000007ead80000,0x00000007ead80000,0x00000007eae80000)
 ParOldGen       total 120832K, used 119784K [0x00000007c0000000, 0x00000007c7600000, 0x00000007eab00000)
  object space 120832K, 99% used [0x00000007c0000000,0x00000007c74fa060,0x00000007c7600000)
 Metaspace       used 71928K, committed 72832K, reserved 1114112K
  class space    used 7208K, committed 7616K, reserved 1048576K
}
Event: 155.728 GC heap after
{Heap after GC invocations=829 (full 29):
 PSYoungGen      total 3584K, used 864K [0x00000007eab00000, 0x00000007eaf80000, 0x0000000800000000)
  eden space 2560K, 0% used [0x00000007eab00000,0x00000007eab00000,0x00000007ead80000)
  from space 1024K, 84% used [0x00000007ead80000,0x00000007eae58000,0x00000007eae80000)
  to   space 1024K, 0% used [0x00000007eae80000,0x00000007eae80000,0x00000007eaf80000)
 ParOldGen       total 120832K, used 120488K [0x00000007c0000000, 0x00000007c7600000, 0x00000007eab00000)
  object space 120832K, 99% used [0x00000007c0000000,0x00000007c75aa0c0,0x00000007c7600000)
 Metaspace       used 71928K, committed 72832K, reserved 1114112K
  class space    used 7208K, committed 7616K, reserved 1048576K
}
Event: 155.728 GC heap before
{Heap before GC invocations=830 (full 30):
 PSYoungGen      total 3584K, used 864K [0x00000007eab00000, 0x00000007eaf80000, 0x0000000800000000)
  eden space 2560K, 0% used [0x00000007eab00000,0x00000007eab00000,0x00000007ead80000)
  from space 1024K, 84% used [0x00000007ead80000,0x00000007eae58000,0x00000007eae80000)
  to   space 1024K, 0% used [0x00000007eae80000,0x00000007eae80000,0x00000007eaf80000)
 ParOldGen       total 120832K, used 120488K [0x00000007c0000000, 0x00000007c7600000, 0x00000007eab00000)
  object space 120832K, 99% used [0x00000007c0000000,0x00000007c75aa0c0,0x00000007c7600000)
 Metaspace       used 71928K, committed 72832K, reserved 1114112K
  class space    used 7208K, committed 7616K, reserved 1048576K
}

