# JRE version: OpenJDK Runtime Environment AdoptOpenJDK-16.0.1+9 (16.0.1+9) (build 16.0.1+9)
# Java VM: OpenJDK 64-Bit Server VM AdoptOpenJDK-16.0.1+9 (16.0.1+9, mixed mode, sharing, tiered, compressed oops, compressed class ptrs, parallel gc, bsd-amd64)
GC Precious Log:
 CPUs: 8 total, 8 available
 Memory: 8192M
 Large Page Support: Disabled
 NUMA Support: Disabled
 Compressed Oops: Enabled (Zero based)
 Alignments: Space 512K, Generation 512K, Heap 2M
 Heap Min Capacity: 100M
 Heap Initial Capacity: 100M
 Heap Max Capacity: 1G
 Pre-touch: Disabled
 Parallel Workers: 8
Heap:
 PSYoungGen      total 3584K, used 1952K [0x00000007eab00000, 0x00000007eb280000, 0x0000000800000000)
  eden space 1536K, 0% used [0x00000007eab00000,0x00000007eab00000,0x00000007eac80000)
  from space 2048K, 95% used [0x00000007ead80000,0x00000007eaf68000,0x00000007eaf80000)
  to   space 3072K, 0% used [0x00000007eaf80000,0x00000007eaf80000,0x00000007eb280000)
 ParOldGen       total 90112K, used 87198K [0x00000007c0000000, 0x00000007c5800000, 0x00000007eab00000)
  object space 90112K, 96% used [0x00000007c0000000,0x00000007c55279f8,0x00000007c5800000)
 Metaspace       used 58283K, committed 59072K, reserved 1105920K
  class space    used 5788K, committed 6144K, reserved 1048576K
GC Heap History (20 events):
Event: 8.810 GC heap after
{Heap after GC invocations=60 (full 4):
 PSYoungGen      total 10752K, used 2020K [0x00000007eab00000, 0x00000007eba00000, 0x0000000800000000)
  eden space 8704K, 0% used [0x00000007eab00000,0x00000007eab00000,0x00000007eb380000)
  from space 2048K, 98% used [0x00000007eb800000,0x00000007eb9f9298,0x00000007eba00000)
  to   space 3072K, 0% used [0x00000007eb400000,0x00000007eb400000,0x00000007eb700000)
 ParOldGen       total 90112K, used 74375K [0x00000007c0000000, 0x00000007c5800000, 0x00000007eab00000)
  object space 90112K, 82% used [0x00000007c0000000,0x00000007c48a1d60,0x00000007c5800000)
 Metaspace       used 57037K, committed 57792K, reserved 1105920K
  class space    used 5634K, committed 6016K, reserved 1048576K
}
Event: 8.851 GC heap before
{Heap before GC invocations=61 (full 4):
 PSYoungGen      total 10752K, used 10724K [0x00000007eab00000, 0x00000007eba00000, 0x0000000800000000)
  eden space 8704K, 100% used [0x00000007eab00000,0x00000007eb380000,0x00000007eb380000)
  from space 2048K, 98% used [0x00000007eb800000,0x00000007eb9f9298,0x00000007eba00000)
  to   space 3072K, 0% used [0x00000007eb400000,0x00000007eb400000,0x00000007eb700000)
 ParOldGen       total 90112K, used 74375K [0x00000007c0000000, 0x00000007c5800000, 0x00000007eab00000)
  object space 90112K, 82% used [0x00000007c0000000,0x00000007c48a1d60,0x00000007c5800000)
 Metaspace       used 57058K, committed 57920K, reserved 1105920K
  class space    used 5636K, committed 6016K, reserved 1048576K
}
Event: 8.854 GC heap after
{Heap after GC invocations=61 (full 4):
 PSYoungGen      total 11776K, used 3062K [0x00000007eab00000, 0x00000007ebb80000, 0x0000000800000000)
  eden space 8704K, 0% used [0x00000007eab00000,0x00000007eab00000,0x00000007eb380000)
  from space 3072K, 99% used [0x00000007eb400000,0x00000007eb6fdb88,0x00000007eb700000)
  to   space 4096K, 0% used [0x00000007eb780000,0x00000007eb780000,0x00000007ebb80000)
 ParOldGen       total 90112K, used 75209K [0x00000007c0000000, 0x00000007c5800000, 0x00000007eab00000)
  object space 90112K, 83% used [0x00000007c0000000,0x00000007c4972620,0x00000007c5800000)
 Metaspace       used 57058K, committed 57920K, reserved 1105920K
  class space    used 5636K, committed 6016K, reserved 1048576K
}
Event: 12.202 GC heap before
{Heap before GC invocations=62 (full 4):
 PSYoungGen      total 11776K, used 11759K [0x00000007eab00000, 0x00000007ebb80000, 0x0000000800000000)
  eden space 8704K, 99% used [0x00000007eab00000,0x00000007eb37e108,0x00000007eb380000)
  from space 3072K, 99% used [0x00000007eb400000,0x00000007eb6fdb88,0x00000007eb700000)
  to   space 4096K, 0% used [0x00000007eb780000,0x00000007eb780000,0x00000007ebb80000)
 ParOldGen       total 90112K, used 75209K [0x00000007c0000000, 0x00000007c5800000, 0x00000007eab00000)
  object space 90112K, 83% used [0x00000007c0000000,0x00000007c4972620,0x00000007c5800000)
 Metaspace       used 57220K, committed 58048K, reserved 1105920K
  class space    used 5645K, committed 6016K, reserved 1048576K
}
Event: 12.203 GC heap after
{Heap after GC invocations=62 (full 4):
 PSYoungGen      total 10752K, used 1837K [0x00000007eab00000, 0x00000007eb980000, 0x0000000800000000)
  eden space 8704K, 0% used [0x00000007eab00000,0x00000007eab00000,0x00000007eb380000)
  from space 2048K, 89% used [0x00000007eb780000,0x00000007eb94b718,0x00000007eb980000)
  to   space 3072K, 0% used [0x00000007eb380000,0x00000007eb380000,0x00000007eb680000)
 ParOldGen       total 90112K, used 75661K [0x00000007c0000000, 0x00000007c5800000, 0x00000007eab00000)
  object space 90112K, 83% used [0x00000007c0000000,0x00000007c49e3630,0x00000007c5800000)
 Metaspace       used 57220K, committed 58048K, reserved 1105920K
  class space    used 5645K, committed 6016K, reserved 1048576K
}
Event: 12.271 GC heap before
{Heap before GC invocations=63 (full 4):
 PSYoungGen      total 10752K, used 10541K [0x00000007eab00000, 0x00000007eb980000, 0x0000000800000000)
  eden space 8704K, 100% used [0x00000007eab00000,0x00000007eb380000,0x00000007eb380000)
  from space 2048K, 89% used [0x00000007eb780000,0x00000007eb94b718,0x00000007eb980000)
  to   space 3072K, 0% used [0x00000007eb380000,0x00000007eb380000,0x00000007eb680000)
 ParOldGen       total 90112K, used 75661K [0x00000007c0000000, 0x00000007c5800000, 0x00000007eab00000)
  object space 90112K, 83% used [0x00000007c0000000,0x00000007c49e3630,0x00000007c5800000)
 Metaspace       used 58212K, committed 59008K, reserved 1105920K
  class space    used 5781K, committed 6144K, reserved 1048576K
}
Event: 12.272 GC heap after
{Heap after GC invocations=63 (full 4):
 PSYoungGen      total 11264K, used 2214K [0x00000007eab00000, 0x00000007eb880000, 0x0000000800000000)
  eden space 8704K, 0% used [0x00000007eab00000,0x00000007eab00000,0x00000007eb380000)
  from space 2560K, 86% used [0x00000007eb380000,0x00000007eb5a9b98,0x00000007eb600000)
  to   space 2560K, 0% used [0x00000007eb600000,0x00000007eb600000,0x00000007eb880000)
 ParOldGen       total 90112K, used 75669K [0x00000007c0000000, 0x00000007c5800000, 0x00000007eab00000)
  object space 90112K, 83% used [0x00000007c0000000,0x00000007c49e5630,0x00000007c5800000)
 Metaspace       used 58212K, committed 59008K, reserved 1105920K
  class space    used 5781K, committed 6144K, reserved 1048576K
}
Event: 12.300 GC heap before
{Heap before GC invocations=64 (full 4):
 PSYoungGen      total 11264K, used 10918K [0x00000007eab00000, 0x00000007eb880000, 0x0000000800000000)
  eden space 8704K, 100% used [0x00000007eab00000,0x00000007eb380000,0x00000007eb380000)
  from space 2560K, 86% used [0x00000007eb380000,0x00000007eb5a9b98,0x00000007eb600000)
  to   space 2560K, 0% used [0x00000007eb600000,0x00000007eb600000,0x00000007eb880000)
 ParOldGen       total 90112K, used 75669K [0x00000007c0000000, 0x00000007c5800000, 0x00000007eab00000)
  object space 90112K, 83% used [0x00000007c0000000,0x00000007c49e5630,0x00000007c5800000)
 Metaspace       used 58277K, committed 59072K, reserved 1105920K
  class space    used 5788K, committed 6144K, reserved 1048576K
}
Event: 12.302 GC heap after
{Heap after GC invocations=64 (full 4):
 PSYoungGen      total 9728K, used 2557K [0x00000007eab00000, 0x00000007ebb80000, 0x0000000800000000)
  eden space 7168K, 0% used [0x00000007eab00000,0x00000007eab00000,0x00000007eb200000)
  from space 2560K, 99% used [0x00000007eb600000,0x00000007eb87f720,0x00000007eb880000)
  to   space 4096K, 0% used [0x00000007eb200000,0x00000007eb200000,0x00000007eb600000)
 ParOldGen       total 90112K, used 76829K [0x00000007c0000000, 0x00000007c5800000, 0x00000007eab00000)
  object space 90112K, 85% used [0x00000007c0000000,0x00000007c4b07630,0x00000007c5800000)
 Metaspace       used 58277K, committed 59072K, reserved 1105920K
  class space    used 5788K, committed 6144K, reserved 1048576K
}
Event: 16.106 GC heap before
{Heap before GC invocations=65 (full 4):
 PSYoungGen      total 9728K, used 9725K [0x00000007eab00000, 0x00000007ebb80000, 0x0000000800000000)
  eden space 7168K, 100% used [0x00000007eab00000,0x00000007eb200000,0x00000007eb200000)
  from space 2560K, 99% used [0x00000007eb600000,0x00000007eb87f720,0x00000007eb880000)
  to   space 4096K, 0% used [0x00000007eb200000,0x00000007eb200000,0x00000007eb600000)
 ParOldGen       total 90112K, used 76829K [0x00000007c0000000, 0x00000007c5800000, 0x00000007eab00000)
  object space 90112K, 85% used [0x00000007c0000000,0x00000007c4b07630,0x00000007c5800000)
 Metaspace       used 58279K, committed 59072K, reserved 1105920K
  class space    used 5788K, committed 6144K, reserved 1048576K
}
Event: 16.108 GC heap after
{Heap after GC invocations=65 (full 4):
 PSYoungGen      total 11264K, used 3853K [0x00000007eab00000, 0x00000007eba00000, 0x0000000800000000)
  eden space 7168K, 0% used [0x00000007eab00000,0x00000007eab00000,0x00000007eb200000)
  from space 4096K, 94% used [0x00000007eb200000,0x00000007eb5c3710,0x00000007eb600000)
  to   space 4096K, 0% used [0x00000007eb600000,0x00000007eb600000,0x00000007eba00000)
 ParOldGen       total 90112K, used 77614K [0x00000007c0000000, 0x00000007c5800000, 0x00000007eab00000)
  object space 90112K, 86% used [0x00000007c0000000,0x00000007c4bcba68,0x00000007c5800000)
 Metaspace       used 58279K, committed 59072K, reserved 1105920K
  class space    used 5788K, committed 6144K, reserved 1048576K
}
Event: 16.125 GC heap before
{Heap before GC invocations=66 (full 4):
 PSYoungGen      total 11264K, used 11021K [0x00000007eab00000, 0x00000007eba00000, 0x0000000800000000)
  eden space 7168K, 100% used [0x00000007eab00000,0x00000007eb200000,0x00000007eb200000)
  from space 4096K, 94% used [0x00000007eb200000,0x00000007eb5c3710,0x00000007eb600000)
  to   space 4096K, 0% used [0x00000007eb600000,0x00000007eb600000,0x00000007eba00000)
 ParOldGen       total 90112K, used 77614K [0x00000007c0000000, 0x00000007c5800000, 0x00000007eab00000)
  object space 90112K, 86% used [0x00000007c0000000,0x00000007c4bcba68,0x00000007c5800000)
 Metaspace       used 58283K, committed 59072K, reserved 1105920K
  class space    used 5788K, committed 6144K, reserved 1048576K
}
Event: 16.129 GC heap after
{Heap after GC invocations=66 (full 4):
 PSYoungGen      total 4608K, used 4095K [0x00000007eab00000, 0x00000007ec700000, 0x0000000800000000)
  eden space 512K, 0% used [0x00000007eab00000,0x00000007eab00000,0x00000007eab80000)
  from space 4096K, 99% used [0x00000007eb600000,0x00000007eb9ffdf8,0x00000007eba00000)
  to   space 10752K, 0% used [0x00000007eab80000,0x00000007eab80000,0x00000007eb600000)
 ParOldGen       total 90112K, used 82967K [0x00000007c0000000, 0x00000007c5800000, 0x00000007eab00000)
  object space 90112K, 92% used [0x00000007c0000000,0x00000007c5105f40,0x00000007c5800000)
 Metaspace       used 58283K, committed 59072K, reserved 1105920K
  class space    used 5788K, committed 6144K, reserved 1048576K
}
Event: 16.131 GC heap before
{Heap before GC invocations=67 (full 4):
 PSYoungGen      total 4608K, used 4607K [0x00000007eab00000, 0x00000007ec700000, 0x0000000800000000)
  eden space 512K, 99% used [0x00000007eab00000,0x00000007eab7ffa0,0x00000007eab80000)
  from space 4096K, 99% used [0x00000007eb600000,0x00000007eb9ffdf8,0x00000007eba00000)
  to   space 10752K, 0% used [0x00000007eab80000,0x00000007eab80000,0x00000007eb600000)
 ParOldGen       total 90112K, used 82967K [0x00000007c0000000, 0x00000007c5800000, 0x00000007eab00000)
  object space 90112K, 92% used [0x00000007c0000000,0x00000007c5105f40,0x00000007c5800000)
 Metaspace       used 58283K, committed 59072K, reserved 1105920K
  class space    used 5788K, committed 6144K, reserved 1048576K
}
Event: 16.133 GC heap after
{Heap after GC invocations=67 (full 4):
 PSYoungGen      total 4608K, used 4031K [0x00000007eab00000, 0x00000007eb800000, 0x0000000800000000)
  eden space 512K, 0% used [0x00000007eab00000,0x00000007eab00000,0x00000007eab80000)
  from space 4096K, 98% used [0x00000007eab80000,0x00000007eaf6fdf8,0x00000007eaf80000)
  to   space 6144K, 0% used [0x00000007eb200000,0x00000007eb200000,0x00000007eb800000)
 ParOldGen       total 90112K, used 83631K [0x00000007c0000000, 0x00000007c5800000, 0x00000007eab00000)
  object space 90112K, 92% used [0x00000007c0000000,0x00000007c51abc40,0x00000007c5800000)
 Metaspace       used 58283K, committed 59072K, reserved 1105920K
  class space    used 5788K, committed 6144K, reserved 1048576K
}
Event: 16.135 GC heap before
{Heap before GC invocations=68 (full 4):
 PSYoungGen      total 4608K, used 4543K [0x00000007eab00000, 0x00000007eb800000, 0x0000000800000000)
  eden space 512K, 100% used [0x00000007eab00000,0x00000007eab80000,0x00000007eab80000)
  from space 4096K, 98% used [0x00000007eab80000,0x00000007eaf6fdf8,0x00000007eaf80000)
  to   space 6144K, 0% used [0x00000007eb200000,0x00000007eb200000,0x00000007eb800000)
 ParOldGen       total 90112K, used 83631K [0x00000007c0000000, 0x00000007c5800000, 0x00000007eab00000)
  object space 90112K, 92% used [0x00000007c0000000,0x00000007c51abc40,0x00000007c5800000)
 Metaspace       used 58283K, committed 59072K, reserved 1105920K
  class space    used 5788K, committed 6144K, reserved 1048576K
}
Event: 16.137 GC heap after
{Heap after GC invocations=68 (full 4):
 PSYoungGen      total 4608K, used 3503K [0x00000007eab00000, 0x00000007eb580000, 0x0000000800000000)
  eden space 1024K, 0% used [0x00000007eab00000,0x00000007eab00000,0x00000007eac00000)
  from space 3584K, 97% used [0x00000007eb200000,0x00000007eb56bde8,0x00000007eb580000)
  to   space 4096K, 0% used [0x00000007ead80000,0x00000007ead80000,0x00000007eb180000)
 ParOldGen       total 90112K, used 84569K [0x00000007c0000000, 0x00000007c5800000, 0x00000007eab00000)
  object space 90112K, 93% used [0x00000007c0000000,0x00000007c5296510,0x00000007c5800000)
 Metaspace       used 58283K, committed 59072K, reserved 1105920K
  class space    used 5788K, committed 6144K, reserved 1048576K
}
Event: 16.141 GC heap before
{Heap before GC invocations=69 (full 4):
 PSYoungGen      total 4608K, used 4527K [0x00000007eab00000, 0x00000007eb580000, 0x0000000800000000)
  eden space 1024K, 100% used [0x00000007eab00000,0x00000007eac00000,0x00000007eac00000)
  from space 3584K, 97% used [0x00000007eb200000,0x00000007eb56bde8,0x00000007eb580000)
  to   space 4096K, 0% used [0x00000007ead80000,0x00000007ead80000,0x00000007eb180000)
 ParOldGen       total 90112K, used 84569K [0x00000007c0000000, 0x00000007c5800000, 0x00000007eab00000)
  object space 90112K, 93% used [0x00000007c0000000,0x00000007c5296510,0x00000007c5800000)
 Metaspace       used 58283K, committed 59072K, reserved 1105920K
  class space    used 5788K, committed 6144K, reserved 1048576K
}
Event: 16.143 GC heap after
{Heap after GC invocations=69 (full 4):
 PSYoungGen      total 3584K, used 1952K [0x00000007eab00000, 0x00000007eb280000, 0x0000000800000000)
  eden space 1536K, 0% used [0x00000007eab00000,0x00000007eab00000,0x00000007eac80000)
  from space 2048K, 95% used [0x00000007ead80000,0x00000007eaf68000,0x00000007eaf80000)
  to   space 3072K, 0% used [0x00000007eaf80000,0x00000007eaf80000,0x00000007eb280000)
 ParOldGen       total 90112K, used 87198K [0x00000007c0000000, 0x00000007c5800000, 0x00000007eab00000)
  object space 90112K, 96% used [0x00000007c0000000,0x00000007c55279f8,0x00000007c5800000)
 Metaspace       used 58283K, committed 59072K, reserved 1105920K
  class space    used 5788K, committed 6144K, reserved 1048576K
}
Event: 16.143 GC heap before
{Heap before GC invocations=70 (full 5):
 PSYoungGen      total 3584K, used 1952K [0x00000007eab00000, 0x00000007eb280000, 0x0000000800000000)
  eden space 1536K, 0% used [0x00000007eab00000,0x00000007eab00000,0x00000007eac80000)
  from space 2048K, 95% used [0x00000007ead80000,0x00000007eaf68000,0x00000007eaf80000)
  to   space 3072K, 0% used [0x00000007eaf80000,0x00000007eaf80000,0x00000007eb280000)
 ParOldGen       total 90112K, used 87198K [0x00000007c0000000, 0x00000007c5800000, 0x00000007eab00000)
  object space 90112K, 96% used [0x00000007c0000000,0x00000007c55279f8,0x00000007c5800000)
 Metaspace       used 58283K, committed 59072K, reserved 1105920K
  class space    used 5788K, committed 6144K, reserved 1048576K
}

