# JRE version: OpenJDK Runtime Environment AdoptOpenJDK-16.0.1+9 (16.0.1+9) (build 16.0.1+9)
# Java VM: OpenJDK 64-Bit Server VM AdoptOpenJDK-16.0.1+9 (16.0.1+9, mixed mode, sharing, tiered, compressed oops, compressed class ptrs, parallel gc, bsd-amd64)
GC Precious Log:
 CPUs: 8 total, 8 available
 Memory: 8192M
 Large Page Support: Disabled
 NUMA Support: Disabled
 Compressed Oops: Enabled (Zero based)
 Alignments: Space 512K, Generation 512K, Heap 2M
 Heap Min Capacity: 100M
 Heap Initial Capacity: 100M
 Heap Max Capacity: 1G
 Pre-touch: Disabled
 Parallel Workers: 8
Heap:
 PSYoungGen      total 21504K, used 2031K [0x00000007eab00000, 0x00000007ed800000, 0x0000000800000000)
  eden space 19456K, 0% used [0x00000007eab00000,0x00000007eab00000,0x00000007ebe00000)
  from space 2048K, 99% used [0x00000007ec000000,0x00000007ec1fbfc8,0x00000007ec200000)
  to   space 13312K, 0% used [0x00000007ecb00000,0x00000007ecb00000,0x00000007ed800000)
 ParOldGen       total 97280K, used 96060K [0x00000007c0000000, 0x00000007c5f00000, 0x00000007eab00000)
  object space 97280K, 98% used [0x00000007c0000000,0x00000007c5dcf0b8,0x00000007c5f00000)
 Metaspace       used 51556K, committed 52288K, reserved 1097728K
  class space    used 5258K, committed 5568K, reserved 1048576K
GC Heap History (20 events):
Event: 4.214 GC heap after
{Heap after GC invocations=18 (full 2):
 PSYoungGen      total 23040K, used 912K [0x00000007eab00000, 0x00000007ec480000, 0x0000000800000000)
  eden space 22016K, 0% used [0x00000007eab00000,0x00000007eab00000,0x00000007ec080000)
  from space 1024K, 89% used [0x00000007ec380000,0x00000007ec4643c0,0x00000007ec480000)
  to   space 1536K, 0% used [0x00000007ec180000,0x00000007ec180000,0x00000007ec300000)
 ParOldGen       total 68608K, used 30857K [0x00000007c0000000, 0x00000007c4300000, 0x00000007eab00000)
  object space 68608K, 44% used [0x00000007c0000000,0x00000007c1e22550,0x00000007c4300000)
 Metaspace       used 43993K, committed 44800K, reserved 1089536K
  class space    used 4705K, committed 5056K, reserved 1048576K
}
Event: 4.646 GC heap before
{Heap before GC invocations=19 (full 2):
 PSYoungGen      total 23040K, used 22926K [0x00000007eab00000, 0x00000007ec480000, 0x0000000800000000)
  eden space 22016K, 99% used [0x00000007eab00000,0x00000007ec07f838,0x00000007ec080000)
  from space 1024K, 89% used [0x00000007ec380000,0x00000007ec4643c0,0x00000007ec480000)
  to   space 1536K, 0% used [0x00000007ec180000,0x00000007ec180000,0x00000007ec300000)
 ParOldGen       total 68608K, used 30857K [0x00000007c0000000, 0x00000007c4300000, 0x00000007eab00000)
  object space 68608K, 44% used [0x00000007c0000000,0x00000007c1e22550,0x00000007c4300000)
 Metaspace       used 45999K, committed 46784K, reserved 1097728K
  class space    used 4878K, committed 5248K, reserved 1048576K
}
Event: 4.648 GC heap after
{Heap after GC invocations=19 (full 2):
 PSYoungGen      total 23552K, used 1513K [0x00000007eab00000, 0x00000007ec780000, 0x0000000800000000)
  eden space 22016K, 0% used [0x00000007eab00000,0x00000007eab00000,0x00000007ec080000)
  from space 1536K, 98% used [0x00000007ec180000,0x00000007ec2fa5d0,0x00000007ec300000)
  to   space 3584K, 0% used [0x00000007ec400000,0x00000007ec400000,0x00000007ec780000)
 ParOldGen       total 68608K, used 32254K [0x00000007c0000000, 0x00000007c4300000, 0x00000007eab00000)
  object space 68608K, 47% used [0x00000007c0000000,0x00000007c1f7f9a0,0x00000007c4300000)
 Metaspace       used 45999K, committed 46784K, reserved 1097728K
  class space    used 4878K, committed 5248K, reserved 1048576K
}
Event: 5.030 GC heap before
{Heap before GC invocations=20 (full 2):
 PSYoungGen      total 23552K, used 23529K [0x00000007eab00000, 0x00000007ec780000, 0x0000000800000000)
  eden space 22016K, 100% used [0x00000007eab00000,0x00000007ec080000,0x00000007ec080000)
  from space 1536K, 98% used [0x00000007ec180000,0x00000007ec2fa5d0,0x00000007ec300000)
  to   space 3584K, 0% used [0x00000007ec400000,0x00000007ec400000,0x00000007ec780000)
 ParOldGen       total 68608K, used 32254K [0x00000007c0000000, 0x00000007c4300000, 0x00000007eab00000)
  object space 68608K, 47% used [0x00000007c0000000,0x00000007c1f7f9a0,0x00000007c4300000)
 Metaspace       used 47789K, committed 48512K, reserved 1097728K
  class space    used 4990K, committed 5312K, reserved 1048576K
}
Event: 5.036 GC heap after
{Heap after GC invocations=20 (full 2):
 PSYoungGen      total 23040K, used 3557K [0x00000007eab00000, 0x00000007ecc80000, 0x0000000800000000)
  eden space 19456K, 0% used [0x00000007eab00000,0x00000007eab00000,0x00000007ebe00000)
  from space 3584K, 99% used [0x00000007ec400000,0x00000007ec7794a0,0x00000007ec780000)
  to   space 6144K, 0% used [0x00000007ebe00000,0x00000007ebe00000,0x00000007ec400000)
 ParOldGen       total 68608K, used 34256K [0x00000007c0000000, 0x00000007c4300000, 0x00000007eab00000)
  object space 68608K, 49% used [0x00000007c0000000,0x00000007c21741f0,0x00000007c4300000)
 Metaspace       used 47789K, committed 48512K, reserved 1097728K
  class space    used 4990K, committed 5312K, reserved 1048576K
}
Event: 5.258 GC heap before
{Heap before GC invocations=21 (full 2):
 PSYoungGen      total 23040K, used 23013K [0x00000007eab00000, 0x00000007ecc80000, 0x0000000800000000)
  eden space 19456K, 100% used [0x00000007eab00000,0x00000007ebe00000,0x00000007ebe00000)
  from space 3584K, 99% used [0x00000007ec400000,0x00000007ec7794a0,0x00000007ec780000)
  to   space 6144K, 0% used [0x00000007ebe00000,0x00000007ebe00000,0x00000007ec400000)
 ParOldGen       total 68608K, used 34256K [0x00000007c0000000, 0x00000007c4300000, 0x00000007eab00000)
  object space 68608K, 49% used [0x00000007c0000000,0x00000007c21741f0,0x00000007c4300000)
 Metaspace       used 48436K, committed 49216K, reserved 1097728K
  class space    used 5003K, committed 5312K, reserved 1048576K
}
Event: 5.263 GC heap after
{Heap after GC invocations=21 (full 2):
 PSYoungGen      total 20992K, used 1440K [0x00000007eab00000, 0x00000007ec480000, 0x0000000800000000)
  eden space 19456K, 0% used [0x00000007eab00000,0x00000007eab00000,0x00000007ebe00000)
  from space 1536K, 93% used [0x00000007ebe00000,0x00000007ebf68000,0x00000007ebf80000)
  to   space 3072K, 0% used [0x00000007ec180000,0x00000007ec180000,0x00000007ec480000)
 ParOldGen       total 68608K, used 37758K [0x00000007c0000000, 0x00000007c4300000, 0x00000007eab00000)
  object space 68608K, 55% used [0x00000007c0000000,0x00000007c24dfb98,0x00000007c4300000)
 Metaspace       used 48436K, committed 49216K, reserved 1097728K
  class space    used 5003K, committed 5312K, reserved 1048576K
}
Event: 5.583 GC heap before
{Heap before GC invocations=22 (full 2):
 PSYoungGen      total 20992K, used 20896K [0x00000007eab00000, 0x00000007ec480000, 0x0000000800000000)
  eden space 19456K, 100% used [0x00000007eab00000,0x00000007ebe00000,0x00000007ebe00000)
  from space 1536K, 93% used [0x00000007ebe00000,0x00000007ebf68000,0x00000007ebf80000)
  to   space 3072K, 0% used [0x00000007ec180000,0x00000007ec180000,0x00000007ec480000)
 ParOldGen       total 68608K, used 37758K [0x00000007c0000000, 0x00000007c4300000, 0x00000007eab00000)
  object space 68608K, 55% used [0x00000007c0000000,0x00000007c24dfb98,0x00000007c4300000)
 Metaspace       used 48851K, committed 49664K, reserved 1097728K
  class space    used 5019K, committed 5376K, reserved 1048576K
}
Event: 5.585 GC heap after
{Heap after GC invocations=22 (full 2):
 PSYoungGen      total 21504K, used 1663K [0x00000007eab00000, 0x00000007ec380000, 0x0000000800000000)
  eden space 19456K, 0% used [0x00000007eab00000,0x00000007eab00000,0x00000007ebe00000)
  from space 2048K, 81% used [0x00000007ec180000,0x00000007ec31fdc0,0x00000007ec380000)
  to   space 2048K, 0% used [0x00000007ebf80000,0x00000007ebf80000,0x00000007ec180000)
 ParOldGen       total 68608K, used 38973K [0x00000007c0000000, 0x00000007c4300000, 0x00000007eab00000)
  object space 68608K, 56% used [0x00000007c0000000,0x00000007c260f4b8,0x00000007c4300000)
 Metaspace       used 48851K, committed 49664K, reserved 1097728K
  class space    used 5019K, committed 5376K, reserved 1048576K
}
Event: 5.891 GC heap before
{Heap before GC invocations=23 (full 2):
 PSYoungGen      total 21504K, used 21119K [0x00000007eab00000, 0x00000007ec380000, 0x0000000800000000)
  eden space 19456K, 100% used [0x00000007eab00000,0x00000007ebe00000,0x00000007ebe00000)
  from space 2048K, 81% used [0x00000007ec180000,0x00000007ec31fdc0,0x00000007ec380000)
  to   space 2048K, 0% used [0x00000007ebf80000,0x00000007ebf80000,0x00000007ec180000)
 ParOldGen       total 68608K, used 38973K [0x00000007c0000000, 0x00000007c4300000, 0x00000007eab00000)
  object space 68608K, 56% used [0x00000007c0000000,0x00000007c260f4b8,0x00000007c4300000)
 Metaspace       used 49265K, committed 50048K, reserved 1097728K
  class space    used 5034K, committed 5376K, reserved 1048576K
}
Event: 5.894 GC heap after
{Heap after GC invocations=23 (full 2):
 PSYoungGen      total 21504K, used 2029K [0x00000007eab00000, 0x00000007ec900000, 0x0000000800000000)
  eden space 19456K, 0% used [0x00000007eab00000,0x00000007eab00000,0x00000007ebe00000)
  from space 2048K, 99% used [0x00000007ebf80000,0x00000007ec17b5d8,0x00000007ec180000)
  to   space 5632K, 0% used [0x00000007ec380000,0x00000007ec380000,0x00000007ec900000)
 ParOldGen       total 68608K, used 41759K [0x00000007c0000000, 0x00000007c4300000, 0x00000007eab00000)
  object space 68608K, 60% used [0x00000007c0000000,0x00000007c28c7d28,0x00000007c4300000)
 Metaspace       used 49265K, committed 50048K, reserved 1097728K
  class space    used 5034K, committed 5376K, reserved 1048576K
}
Event: 6.159 GC heap before
{Heap before GC invocations=24 (full 2):
 PSYoungGen      total 21504K, used 21485K [0x00000007eab00000, 0x00000007ec900000, 0x0000000800000000)
  eden space 19456K, 100% used [0x00000007eab00000,0x00000007ebe00000,0x00000007ebe00000)
  from space 2048K, 99% used [0x00000007ebf80000,0x00000007ec17b5d8,0x00000007ec180000)
  to   space 5632K, 0% used [0x00000007ec380000,0x00000007ec380000,0x00000007ec900000)
 ParOldGen       total 68608K, used 41759K [0x00000007c0000000, 0x00000007c4300000, 0x00000007eab00000)
  object space 68608K, 60% used [0x00000007c0000000,0x00000007c28c7d28,0x00000007c4300000)
 Metaspace       used 50374K, committed 51136K, reserved 1097728K
  class space    used 5161K, committed 5504K, reserved 1048576K
}
Event: 6.163 GC heap after
{Heap after GC invocations=24 (full 2):
 PSYoungGen      total 22528K, used 2752K [0x00000007eab00000, 0x00000007ec680000, 0x0000000800000000)
  eden space 19456K, 0% used [0x00000007eab00000,0x00000007eab00000,0x00000007ebe00000)
  from space 3072K, 89% used [0x00000007ec380000,0x00000007ec630348,0x00000007ec680000)
  to   space 3584K, 0% used [0x00000007ebf80000,0x00000007ebf80000,0x00000007ec300000)
 ParOldGen       total 68608K, used 43621K [0x00000007c0000000, 0x00000007c4300000, 0x00000007eab00000)
  object space 68608K, 63% used [0x00000007c0000000,0x00000007c2a997f8,0x00000007c4300000)
 Metaspace       used 50374K, committed 51136K, reserved 1097728K
  class space    used 5161K, committed 5504K, reserved 1048576K
}
Event: 6.339 GC heap before
{Heap before GC invocations=25 (full 2):
 PSYoungGen      total 22528K, used 22172K [0x00000007eab00000, 0x00000007ec680000, 0x0000000800000000)
  eden space 19456K, 99% used [0x00000007eab00000,0x00000007ebdf6d70,0x00000007ebe00000)
  from space 3072K, 89% used [0x00000007ec380000,0x00000007ec630348,0x00000007ec680000)
  to   space 3584K, 0% used [0x00000007ebf80000,0x00000007ebf80000,0x00000007ec300000)
 ParOldGen       total 68608K, used 43621K [0x00000007c0000000, 0x00000007c4300000, 0x00000007eab00000)
  object space 68608K, 63% used [0x00000007c0000000,0x00000007c2a997f8,0x00000007c4300000)
 Metaspace       used 51416K, committed 52224K, reserved 1097728K
  class space    used 5256K, committed 5568K, reserved 1048576K
}
Event: 6.350 GC heap after
{Heap after GC invocations=25 (full 2):
 PSYoungGen      total 22528K, used 2763K [0x00000007eab00000, 0x00000007ec400000, 0x0000000800000000)
  eden space 19456K, 0% used [0x00000007eab00000,0x00000007eab00000,0x00000007ebe00000)
  from space 3072K, 89% used [0x00000007ebf80000,0x00000007ec232cd8,0x00000007ec280000)
  to   space 1536K, 0% used [0x00000007ec280000,0x00000007ec280000,0x00000007ec400000)
 ParOldGen       total 68608K, used 47247K [0x00000007c0000000, 0x00000007c4300000, 0x00000007eab00000)
  object space 68608K, 68% used [0x00000007c0000000,0x00000007c2e23c98,0x00000007c4300000)
 Metaspace       used 51416K, committed 52224K, reserved 1097728K
  class space    used 5256K, committed 5568K, reserved 1048576K
}
Event: 6.436 GC heap before
{Heap before GC invocations=26 (full 2):
 PSYoungGen      total 22528K, used 22105K [0x00000007eab00000, 0x00000007ec400000, 0x0000000800000000)
  eden space 19456K, 99% used [0x00000007eab00000,0x00000007ebde3930,0x00000007ebe00000)
  from space 3072K, 89% used [0x00000007ebf80000,0x00000007ec232cd8,0x00000007ec280000)
  to   space 1536K, 0% used [0x00000007ec280000,0x00000007ec280000,0x00000007ec400000)
 ParOldGen       total 91136K, used 84585K [0x00000007c0000000, 0x00000007c5900000, 0x00000007eab00000)
  object space 91136K, 92% used [0x00000007c0000000,0x00000007c529a7e8,0x00000007c5900000)
 Metaspace       used 51509K, committed 52288K, reserved 1097728K
  class space    used 5257K, committed 5568K, reserved 1048576K
}
Event: 6.438 GC heap after
{Heap after GC invocations=26 (full 2):
 PSYoungGen      total 20992K, used 1129K [0x00000007eab00000, 0x00000007ec400000, 0x0000000800000000)
  eden space 19456K, 0% used [0x00000007eab00000,0x00000007eab00000,0x00000007ebe00000)
  from space 1536K, 73% used [0x00000007ec280000,0x00000007ec39a678,0x00000007ec400000)
  to   space 2048K, 0% used [0x00000007ec000000,0x00000007ec000000,0x00000007ec200000)
 ParOldGen       total 91136K, used 86975K [0x00000007c0000000, 0x00000007c5900000, 0x00000007eab00000)
  object space 91136K, 95% used [0x00000007c0000000,0x00000007c54efe28,0x00000007c5900000)
 Metaspace       used 51509K, committed 52288K, reserved 1097728K
  class space    used 5257K, committed 5568K, reserved 1048576K
}
Event: 6.511 GC heap before
{Heap before GC invocations=27 (full 2):
 PSYoungGen      total 20992K, used 20585K [0x00000007eab00000, 0x00000007ec400000, 0x0000000800000000)
  eden space 19456K, 100% used [0x00000007eab00000,0x00000007ebe00000,0x00000007ebe00000)
  from space 1536K, 73% used [0x00000007ec280000,0x00000007ec39a678,0x00000007ec400000)
  to   space 2048K, 0% used [0x00000007ec000000,0x00000007ec000000,0x00000007ec200000)
 ParOldGen       total 91136K, used 86975K [0x00000007c0000000, 0x00000007c5900000, 0x00000007eab00000)
  object space 91136K, 95% used [0x00000007c0000000,0x00000007c54efe28,0x00000007c5900000)
 Metaspace       used 51556K, committed 52288K, reserved 1097728K
  class space    used 5258K, committed 5568K, reserved 1048576K
}
Event: 6.523 GC heap after
{Heap after GC invocations=27 (full 2):
 PSYoungGen      total 21504K, used 2031K [0x00000007eab00000, 0x00000007ed800000, 0x0000000800000000)
  eden space 19456K, 0% used [0x00000007eab00000,0x00000007eab00000,0x00000007ebe00000)
  from space 2048K, 99% used [0x00000007ec000000,0x00000007ec1fbfc8,0x00000007ec200000)
  to   space 13312K, 0% used [0x00000007ecb00000,0x00000007ecb00000,0x00000007ed800000)
 ParOldGen       total 97280K, used 96060K [0x00000007c0000000, 0x00000007c5f00000, 0x00000007eab00000)
  object space 97280K, 98% used [0x00000007c0000000,0x00000007c5dcf0b8,0x00000007c5f00000)
 Metaspace       used 51556K, committed 52288K, reserved 1097728K
  class space    used 5258K, committed 5568K, reserved 1048576K
}
Event: 6.523 GC heap before
{Heap before GC invocations=28 (full 3):
 PSYoungGen      total 21504K, used 2031K [0x00000007eab00000, 0x00000007ed800000, 0x0000000800000000)
  eden space 19456K, 0% used [0x00000007eab00000,0x00000007eab00000,0x00000007ebe00000)
  from space 2048K, 99% used [0x00000007ec000000,0x00000007ec1fbfc8,0x00000007ec200000)
  to   space 13312K, 0% used [0x00000007ecb00000,0x00000007ecb00000,0x00000007ed800000)
 ParOldGen       total 97280K, used 96060K [0x00000007c0000000, 0x00000007c5f00000, 0x00000007eab00000)
  object space 97280K, 98% used [0x00000007c0000000,0x00000007c5dcf0b8,0x00000007c5f00000)
 Metaspace       used 51556K, committed 52288K, reserved 1097728K
  class space    used 5258K, committed 5568K, reserved 1048576K
}

