# JRE version: OpenJDK Runtime Environment AdoptOpenJDK-16.0.1+9 (16.0.1+9) (build 16.0.1+9)
# Java VM: OpenJDK 64-Bit Server VM AdoptOpenJDK-16.0.1+9 (16.0.1+9, mixed mode, sharing, tiered, compressed oops, compressed class ptrs, parallel gc, bsd-amd64)
GC Precious Log:
 CPUs: 8 total, 8 available
 Memory: 8192M
 Large Page Support: Disabled
 NUMA Support: Disabled
 Compressed Oops: Enabled (Zero based)
 Alignments: Space 512K, Generation 512K, Heap 2M
 Heap Min Capacity: 100M
 Heap Initial Capacity: 100M
 Heap Max Capacity: 1G
 Pre-touch: Disabled
 Parallel Workers: 8
Heap:
 PSYoungGen      total 7168K, used 6670K [0x00000007eab00000, 0x00000007eb580000, 0x0000000800000000)
  eden space 6656K, 96% used [0x00000007eab00000,0x00000007eb14bb80,0x00000007eb180000)
  from space 512K, 43% used [0x00000007eb480000,0x00000007eb4b8000,0x00000007eb500000)
  to   space 512K, 0% used [0x00000007eb500000,0x00000007eb500000,0x00000007eb580000)
 ParOldGen       total 377344K, used 362516K [0x00000007c0000000, 0x00000007d7080000, 0x00000007eab00000)
  object space 377344K, 96% used [0x00000007c0000000,0x00000007d6205360,0x00000007d7080000)
 Metaspace       used 89122K, committed 90112K, reserved 1130496K
  class space    used 8229K, committed 8704K, reserved 1048576K
GC Heap History (20 events):
Event: 256263.896 GC heap before
{Heap before GC invocations=102218 (full 2540):
 PSYoungGen      total 7680K, used 7668K [0x00000007eab00000, 0x00000007eb600000, 0x0000000800000000)
  eden space 6656K, 100% used [0x00000007eab00000,0x00000007eb180000,0x00000007eb180000)
  from space 1024K, 98% used [0x00000007eb400000,0x00000007eb4fd188,0x00000007eb500000)
  to   space 1024K, 0% used [0x00000007eb500000,0x00000007eb500000,0x00000007eb600000)
 ParOldGen       total 377344K, used 361350K [0x00000007c0000000, 0x00000007d7080000, 0x00000007eab00000)
  object space 377344K, 95% used [0x00000007c0000000,0x00000007d60e18f8,0x00000007d7080000)
 Metaspace       used 89122K, committed 90112K, reserved 1130496K
  class space    used 8229K, committed 8704K, reserved 1048576K
}
Event: 256264.112 GC heap after
{Heap after GC invocations=102218 (full 2540):
 PSYoungGen      total 7168K, used 160K [0x00000007eab00000, 0x00000007eb580000, 0x0000000800000000)
  eden space 6656K, 0% used [0x00000007eab00000,0x00000007eab00000,0x00000007eb180000)
  from space 512K, 31% used [0x00000007eb500000,0x00000007eb528000,0x00000007eb580000)
  to   space 1024K, 0% used [0x00000007eb380000,0x00000007eb380000,0x00000007eb480000)
 ParOldGen       total 377344K, used 362516K [0x00000007c0000000, 0x00000007d7080000, 0x00000007eab00000)
  object space 377344K, 96% used [0x00000007c0000000,0x00000007d6205360,0x00000007d7080000)
 Metaspace       used 89122K, committed 90112K, reserved 1130496K
  class space    used 8229K, committed 8704K, reserved 1048576K
}
Event: 258486.505 GC heap before
{Heap before GC invocations=102219 (full 2540):
 PSYoungGen      total 7168K, used 6816K [0x00000007eab00000, 0x00000007eb580000, 0x0000000800000000)
  eden space 6656K, 100% used [0x00000007eab00000,0x00000007eb180000,0x00000007eb180000)
  from space 512K, 31% used [0x00000007eb500000,0x00000007eb528000,0x00000007eb580000)
  to   space 1024K, 0% used [0x00000007eb380000,0x00000007eb380000,0x00000007eb480000)
 ParOldGen       total 377344K, used 362516K [0x00000007c0000000, 0x00000007d7080000, 0x00000007eab00000)
  object space 377344K, 96% used [0x00000007c0000000,0x00000007d6205360,0x00000007d7080000)
 Metaspace       used 89122K, committed 90112K, reserved 1130496K
  class space    used 8229K, committed 8704K, reserved 1048576K
}
Event: 258486.661 GC heap after
{Heap after GC invocations=102219 (full 2540):
 PSYoungGen      total 7680K, used 160K [0x00000007eab00000, 0x00000007eb580000, 0x0000000800000000)
  eden space 6656K, 0% used [0x00000007eab00000,0x00000007eab00000,0x00000007eb180000)
  from space 1024K, 15% used [0x00000007eb380000,0x00000007eb3a8000,0x00000007eb480000)
  to   space 512K, 0% used [0x00000007eb500000,0x00000007eb500000,0x00000007eb580000)
 ParOldGen       total 377344K, used 362516K [0x00000007c0000000, 0x00000007d7080000, 0x00000007eab00000)
  object space 377344K, 96% used [0x00000007c0000000,0x00000007d6205360,0x00000007d7080000)
 Metaspace       used 89122K, committed 90112K, reserved 1130496K
  class space    used 8229K, committed 8704K, reserved 1048576K
}
Event: 260708.570 GC heap before
{Heap before GC invocations=102220 (full 2540):
 PSYoungGen      total 7680K, used 6816K [0x00000007eab00000, 0x00000007eb580000, 0x0000000800000000)
  eden space 6656K, 100% used [0x00000007eab00000,0x00000007eb180000,0x00000007eb180000)
  from space 1024K, 15% used [0x00000007eb380000,0x00000007eb3a8000,0x00000007eb480000)
  to   space 512K, 0% used [0x00000007eb500000,0x00000007eb500000,0x00000007eb580000)
 ParOldGen       total 377344K, used 362516K [0x00000007c0000000, 0x00000007d7080000, 0x00000007eab00000)
  object space 377344K, 96% used [0x00000007c0000000,0x00000007d6205360,0x00000007d7080000)
 Metaspace       used 89122K, committed 90112K, reserved 1130496K
  class space    used 8229K, committed 8704K, reserved 1048576K
}
Event: 260708.675 GC heap after
{Heap after GC invocations=102220 (full 2540):
 PSYoungGen      total 7168K, used 128K [0x00000007eab00000, 0x00000007eb580000, 0x0000000800000000)
  eden space 6656K, 0% used [0x00000007eab00000,0x00000007eab00000,0x00000007eb180000)
  from space 512K, 25% used [0x00000007eb500000,0x00000007eb520000,0x00000007eb580000)
  to   space 512K, 0% used [0x00000007eb480000,0x00000007eb480000,0x00000007eb500000)
 ParOldGen       total 377344K, used 362516K [0x00000007c0000000, 0x00000007d7080000, 0x00000007eab00000)
  object space 377344K, 96% used [0x00000007c0000000,0x00000007d6205360,0x00000007d7080000)
 Metaspace       used 89122K, committed 90112K, reserved 1130496K
  class space    used 8229K, committed 8704K, reserved 1048576K
}
Event: 262931.649 GC heap before
{Heap before GC invocations=102221 (full 2540):
 PSYoungGen      total 7168K, used 6784K [0x00000007eab00000, 0x00000007eb580000, 0x0000000800000000)
  eden space 6656K, 100% used [0x00000007eab00000,0x00000007eb180000,0x00000007eb180000)
  from space 512K, 25% used [0x00000007eb500000,0x00000007eb520000,0x00000007eb580000)
  to   space 512K, 0% used [0x00000007eb480000,0x00000007eb480000,0x00000007eb500000)
 ParOldGen       total 377344K, used 362516K [0x00000007c0000000, 0x00000007d7080000, 0x00000007eab00000)
  object space 377344K, 96% used [0x00000007c0000000,0x00000007d6205360,0x00000007d7080000)
 Metaspace       used 89122K, committed 90112K, reserved 1130496K
  class space    used 8229K, committed 8704K, reserved 1048576K
}
Event: 262931.827 GC heap after
{Heap after GC invocations=102221 (full 2540):
 PSYoungGen      total 7168K, used 128K [0x00000007eab00000, 0x00000007eb580000, 0x0000000800000000)
  eden space 6656K, 0% used [0x00000007eab00000,0x00000007eab00000,0x00000007eb180000)
  from space 512K, 25% used [0x00000007eb480000,0x00000007eb4a0000,0x00000007eb500000)
  to   space 512K, 0% used [0x00000007eb500000,0x00000007eb500000,0x00000007eb580000)
 ParOldGen       total 377344K, used 362516K [0x00000007c0000000, 0x00000007d7080000, 0x00000007eab00000)
  object space 377344K, 96% used [0x00000007c0000000,0x00000007d6205360,0x00000007d7080000)
 Metaspace       used 89122K, committed 90112K, reserved 1130496K
  class space    used 8229K, committed 8704K, reserved 1048576K
}
Event: 265158.646 GC heap before
{Heap before GC invocations=102222 (full 2540):
 PSYoungGen      total 7168K, used 6784K [0x00000007eab00000, 0x00000007eb580000, 0x0000000800000000)
  eden space 6656K, 100% used [0x00000007eab00000,0x00000007eb180000,0x00000007eb180000)
  from space 512K, 25% used [0x00000007eb480000,0x00000007eb4a0000,0x00000007eb500000)
  to   space 512K, 0% used [0x00000007eb500000,0x00000007eb500000,0x00000007eb580000)
 ParOldGen       total 377344K, used 362516K [0x00000007c0000000, 0x00000007d7080000, 0x00000007eab00000)
  object space 377344K, 96% used [0x00000007c0000000,0x00000007d6205360,0x00000007d7080000)
 Metaspace       used 89122K, committed 90112K, reserved 1130496K
  class space    used 8229K, committed 8704K, reserved 1048576K
}
Event: 265158.849 GC heap after
{Heap after GC invocations=102222 (full 2540):
 PSYoungGen      total 7168K, used 192K [0x00000007eab00000, 0x00000007eb580000, 0x0000000800000000)
  eden space 6656K, 0% used [0x00000007eab00000,0x00000007eab00000,0x00000007eb180000)
  from space 512K, 37% used [0x00000007eb500000,0x00000007eb530000,0x00000007eb580000)
  to   space 512K, 0% used [0x00000007eb480000,0x00000007eb480000,0x00000007eb500000)
 ParOldGen       total 377344K, used 362516K [0x00000007c0000000, 0x00000007d7080000, 0x00000007eab00000)
  object space 377344K, 96% used [0x00000007c0000000,0x00000007d6205360,0x00000007d7080000)
 Metaspace       used 89122K, committed 90112K, reserved 1130496K
  class space    used 8229K, committed 8704K, reserved 1048576K
}
Event: 267405.063 GC heap before
{Heap before GC invocations=102223 (full 2540):
 PSYoungGen      total 7168K, used 6840K [0x00000007eab00000, 0x00000007eb580000, 0x0000000800000000)
  eden space 6656K, 99% used [0x00000007eab00000,0x00000007eb17e140,0x00000007eb180000)
  from space 512K, 37% used [0x00000007eb500000,0x00000007eb530000,0x00000007eb580000)
  to   space 512K, 0% used [0x00000007eb480000,0x00000007eb480000,0x00000007eb500000)
 ParOldGen       total 377344K, used 362516K [0x00000007c0000000, 0x00000007d7080000, 0x00000007eab00000)
  object space 377344K, 96% used [0x00000007c0000000,0x00000007d6205360,0x00000007d7080000)
 Metaspace       used 89122K, committed 90112K, reserved 1130496K
  class space    used 8229K, committed 8704K, reserved 1048576K
}
Event: 267405.175 GC heap after
{Heap after GC invocations=102223 (full 2540):
 PSYoungGen      total 7168K, used 224K [0x00000007eab00000, 0x00000007eb580000, 0x0000000800000000)
  eden space 6656K, 0% used [0x00000007eab00000,0x00000007eab00000,0x00000007eb180000)
  from space 512K, 43% used [0x00000007eb480000,0x00000007eb4b8000,0x00000007eb500000)
  to   space 512K, 0% used [0x00000007eb500000,0x00000007eb500000,0x00000007eb580000)
 ParOldGen       total 377344K, used 362516K [0x00000007c0000000, 0x00000007d7080000, 0x00000007eab00000)
  object space 377344K, 96% used [0x00000007c0000000,0x00000007d6205360,0x00000007d7080000)
 Metaspace       used 89122K, committed 90112K, reserved 1130496K
  class space    used 8229K, committed 8704K, reserved 1048576K
}
Event: 269637.272 GC heap before
{Heap before GC invocations=102224 (full 2540):
 PSYoungGen      total 7168K, used 6879K [0x00000007eab00000, 0x00000007eb580000, 0x0000000800000000)
  eden space 6656K, 99% used [0x00000007eab00000,0x00000007eb17fcd8,0x00000007eb180000)
  from space 512K, 43% used [0x00000007eb480000,0x00000007eb4b8000,0x00000007eb500000)
  to   space 512K, 0% used [0x00000007eb500000,0x00000007eb500000,0x00000007eb580000)
 ParOldGen       total 377344K, used 362516K [0x00000007c0000000, 0x00000007d7080000, 0x00000007eab00000)
  object space 377344K, 96% used [0x00000007c0000000,0x00000007d6205360,0x00000007d7080000)
 Metaspace       used 89122K, committed 90112K, reserved 1130496K
  class space    used 8229K, committed 8704K, reserved 1048576K
}
Event: 269637.402 GC heap after
{Heap after GC invocations=102224 (full 2540):
 PSYoungGen      total 7168K, used 224K [0x00000007eab00000, 0x00000007eb580000, 0x0000000800000000)
  eden space 6656K, 0% used [0x00000007eab00000,0x00000007eab00000,0x00000007eb180000)
  from space 512K, 43% used [0x00000007eb500000,0x00000007eb538000,0x00000007eb580000)
  to   space 512K, 0% used [0x00000007eb480000,0x00000007eb480000,0x00000007eb500000)
 ParOldGen       total 377344K, used 362516K [0x00000007c0000000, 0x00000007d7080000, 0x00000007eab00000)
  object space 377344K, 96% used [0x00000007c0000000,0x00000007d6205360,0x00000007d7080000)
 Metaspace       used 89122K, committed 90112K, reserved 1130496K
  class space    used 8229K, committed 8704K, reserved 1048576K
}
Event: 271859.354 GC heap before
{Heap before GC invocations=102225 (full 2540):
 PSYoungGen      total 7168K, used 6880K [0x00000007eab00000, 0x00000007eb580000, 0x0000000800000000)
  eden space 6656K, 100% used [0x00000007eab00000,0x00000007eb180000,0x00000007eb180000)
  from space 512K, 43% used [0x00000007eb500000,0x00000007eb538000,0x00000007eb580000)
  to   space 512K, 0% used [0x00000007eb480000,0x00000007eb480000,0x00000007eb500000)
 ParOldGen       total 377344K, used 362516K [0x00000007c0000000, 0x00000007d7080000, 0x00000007eab00000)
  object space 377344K, 96% used [0x00000007c0000000,0x00000007d6205360,0x00000007d7080000)
 Metaspace       used 89122K, committed 90112K, reserved 1130496K
  class space    used 8229K, committed 8704K, reserved 1048576K
}
Event: 271859.484 GC heap after
{Heap after GC invocations=102225 (full 2540):
 PSYoungGen      total 7168K, used 160K [0x00000007eab00000, 0x00000007eb580000, 0x0000000800000000)
  eden space 6656K, 0% used [0x00000007eab00000,0x00000007eab00000,0x00000007eb180000)
  from space 512K, 31% used [0x00000007eb480000,0x00000007eb4a8000,0x00000007eb500000)
  to   space 512K, 0% used [0x00000007eb500000,0x00000007eb500000,0x00000007eb580000)
 ParOldGen       total 377344K, used 362516K [0x00000007c0000000, 0x00000007d7080000, 0x00000007eab00000)
  object space 377344K, 96% used [0x00000007c0000000,0x00000007d6205360,0x00000007d7080000)
 Metaspace       used 89122K, committed 90112K, reserved 1130496K
  class space    used 8229K, committed 8704K, reserved 1048576K
}
Event: 274101.436 GC heap before
{Heap before GC invocations=102226 (full 2540):
 PSYoungGen      total 7168K, used 6816K [0x00000007eab00000, 0x00000007eb580000, 0x0000000800000000)
  eden space 6656K, 100% used [0x00000007eab00000,0x00000007eb180000,0x00000007eb180000)
  from space 512K, 31% used [0x00000007eb480000,0x00000007eb4a8000,0x00000007eb500000)
  to   space 512K, 0% used [0x00000007eb500000,0x00000007eb500000,0x00000007eb580000)
 ParOldGen       total 377344K, used 362516K [0x00000007c0000000, 0x00000007d7080000, 0x00000007eab00000)
  object space 377344K, 96% used [0x00000007c0000000,0x00000007d6205360,0x00000007d7080000)
 Metaspace       used 89122K, committed 90112K, reserved 1130496K
  class space    used 8229K, committed 8704K, reserved 1048576K
}
Event: 274101.535 GC heap after
{Heap after GC invocations=102226 (full 2540):
 PSYoungGen      total 7168K, used 224K [0x00000007eab00000, 0x00000007eb580000, 0x0000000800000000)
  eden space 6656K, 0% used [0x00000007eab00000,0x00000007eab00000,0x00000007eb180000)
  from space 512K, 43% used [0x00000007eb500000,0x00000007eb538000,0x00000007eb580000)
  to   space 512K, 0% used [0x00000007eb480000,0x00000007eb480000,0x00000007eb500000)
 ParOldGen       total 377344K, used 362516K [0x00000007c0000000, 0x00000007d7080000, 0x00000007eab00000)
  object space 377344K, 96% used [0x00000007c0000000,0x00000007d6205360,0x00000007d7080000)
 Metaspace       used 89122K, committed 90112K, reserved 1130496K
  class space    used 8229K, committed 8704K, reserved 1048576K
}
Event: 276343.536 GC heap before
{Heap before GC invocations=102227 (full 2540):
 PSYoungGen      total 7168K, used 6875K [0x00000007eab00000, 0x00000007eb580000, 0x0000000800000000)
  eden space 6656K, 99% used [0x00000007eab00000,0x00000007eb17efa8,0x00000007eb180000)
  from space 512K, 43% used [0x00000007eb500000,0x00000007eb538000,0x00000007eb580000)
  to   space 512K, 0% used [0x00000007eb480000,0x00000007eb480000,0x00000007eb500000)
 ParOldGen       total 377344K, used 362516K [0x00000007c0000000, 0x00000007d7080000, 0x00000007eab00000)
  object space 377344K, 96% used [0x00000007c0000000,0x00000007d6205360,0x00000007d7080000)
 Metaspace       used 89122K, committed 90112K, reserved 1130496K
  class space    used 8229K, committed 8704K, reserved 1048576K
}
Event: 276343.616 GC heap after
{Heap after GC invocations=102227 (full 2540):
 PSYoungGen      total 7168K, used 224K [0x00000007eab00000, 0x00000007eb580000, 0x0000000800000000)
  eden space 6656K, 0% used [0x00000007eab00000,0x00000007eab00000,0x00000007eb180000)
  from space 512K, 43% used [0x00000007eb480000,0x00000007eb4b8000,0x00000007eb500000)
  to   space 512K, 0% used [0x00000007eb500000,0x00000007eb500000,0x00000007eb580000)
 ParOldGen       total 377344K, used 362516K [0x00000007c0000000, 0x00000007d7080000, 0x00000007eab00000)
  object space 377344K, 96% used [0x00000007c0000000,0x00000007d6205360,0x00000007d7080000)
 Metaspace       used 89122K, committed 90112K, reserved 1130496K
  class space    used 8229K, committed 8704K, reserved 1048576K
}

