# JRE version: OpenJDK Runtime Environment AdoptOpenJDK-16.0.1+9 (16.0.1+9) (build 16.0.1+9)
# Java VM: OpenJDK 64-Bit Server VM AdoptOpenJDK-16.0.1+9 (16.0.1+9, mixed mode, sharing, tiered, compressed oops, compressed class ptrs, parallel gc, bsd-amd64)
GC Precious Log:
 CPUs: 8 total, 8 available
 Memory: 8192M
 Large Page Support: Disabled
 NUMA Support: Disabled
 Compressed Oops: Enabled (Zero based)
 Alignments: Space 512K, Generation 512K, Heap 2M
 Heap Min Capacity: 100M
 Heap Initial Capacity: 100M
 Heap Max Capacity: 1G
 Pre-touch: Disabled
 Parallel Workers: 8
Heap:
 PSYoungGen      total 7680K, used 7246K [0x00000007eab00000, 0x00000007eb700000, 0x0000000800000000)
  eden space 5632K, 100% used [0x00000007eab00000,0x00000007eb080000,0x00000007eb080000)
  from space 2048K, 78% used [0x00000007eb500000,0x00000007eb693ba0,0x00000007eb700000)
  to   space 2048K, 60% used [0x00000007eb300000,0x00000007eb438010,0x00000007eb500000)
 ParOldGen       total 260608K, used 253362K [0x00000007c0000000, 0x00000007cfe80000, 0x00000007eab00000)
  object space 260608K, 97% used [0x00000007c0000000,0x00000007cf76c8c8,0x00000007cfe80000)
 Metaspace       used 86436K, committed 87232K, reserved 1130496K
  class space    used 8070K, committed 8384K, reserved 1048576K
GC Heap History (20 events):
Event: 18329.874 GC heap after
{Heap after GC invocations=27667 (full 631):
 PSYoungGen      total 4096K, used 1006K [0x00000007eab00000, 0x00000007eb300000, 0x0000000800000000)
  eden space 3072K, 0% used [0x00000007eab00000,0x00000007eab00000,0x00000007eae00000)
  from space 1024K, 98% used [0x00000007eaf00000,0x00000007eaffbba0,0x00000007eb000000)
  to   space 2560K, 0% used [0x00000007eb080000,0x00000007eb080000,0x00000007eb300000)
 ParOldGen       total 260608K, used 242773K [0x00000007c0000000, 0x00000007cfe80000, 0x00000007eab00000)
  object space 260608K, 93% used [0x00000007c0000000,0x00000007ced156d8,0x00000007cfe80000)
 Metaspace       used 86436K, committed 87232K, reserved 1130496K
  class space    used 8070K, committed 8384K, reserved 1048576K
}
Event: 18329.880 GC heap before
{Heap before GC invocations=27668 (full 631):
 PSYoungGen      total 4096K, used 4078K [0x00000007eab00000, 0x00000007eb300000, 0x0000000800000000)
  eden space 3072K, 100% used [0x00000007eab00000,0x00000007eae00000,0x00000007eae00000)
  from space 1024K, 98% used [0x00000007eaf00000,0x00000007eaffbba0,0x00000007eb000000)
  to   space 2560K, 0% used [0x00000007eb080000,0x00000007eb080000,0x00000007eb300000)
 ParOldGen       total 260608K, used 242773K [0x00000007c0000000, 0x00000007cfe80000, 0x00000007eab00000)
  object space 260608K, 93% used [0x00000007c0000000,0x00000007ced156d8,0x00000007cfe80000)
 Metaspace       used 86436K, committed 87232K, reserved 1130496K
  class space    used 8070K, committed 8384K, reserved 1048576K
}
Event: 18329.882 GC heap after
{Heap after GC invocations=27668 (full 631):
 PSYoungGen      total 4096K, used 964K [0x00000007eab00000, 0x00000007eb180000, 0x0000000800000000)
  eden space 3072K, 0% used [0x00000007eab00000,0x00000007eab00000,0x00000007eae00000)
  from space 1024K, 94% used [0x00000007eb080000,0x00000007eb171090,0x00000007eb180000)
  to   space 1536K, 0% used [0x00000007eae80000,0x00000007eae80000,0x00000007eb000000)
 ParOldGen       total 260608K, used 243798K [0x00000007c0000000, 0x00000007cfe80000, 0x00000007eab00000)
  object space 260608K, 93% used [0x00000007c0000000,0x00000007cee15a88,0x00000007cfe80000)
 Metaspace       used 86436K, committed 87232K, reserved 1130496K
  class space    used 8070K, committed 8384K, reserved 1048576K
}
Event: 18329.886 GC heap before
{Heap before GC invocations=27669 (full 631):
 PSYoungGen      total 4096K, used 3967K [0x00000007eab00000, 0x00000007eb180000, 0x0000000800000000)
  eden space 3072K, 97% used [0x00000007eab00000,0x00000007eadeee28,0x00000007eae00000)
  from space 1024K, 94% used [0x00000007eb080000,0x00000007eb171090,0x00000007eb180000)
  to   space 1536K, 0% used [0x00000007eae80000,0x00000007eae80000,0x00000007eb000000)
 ParOldGen       total 260608K, used 243798K [0x00000007c0000000, 0x00000007cfe80000, 0x00000007eab00000)
  object space 260608K, 93% used [0x00000007c0000000,0x00000007cee15a88,0x00000007cfe80000)
 Metaspace       used 86436K, committed 87232K, reserved 1130496K
  class space    used 8070K, committed 8384K, reserved 1048576K
}
Event: 18329.888 GC heap after
{Heap after GC invocations=27669 (full 631):
 PSYoungGen      total 5120K, used 160K [0x00000007eab00000, 0x00000007eb100000, 0x0000000800000000)
  eden space 3584K, 0% used [0x00000007eab00000,0x00000007eab00000,0x00000007eae80000)
  from space 1536K, 10% used [0x00000007eae80000,0x00000007eaea8000,0x00000007eb000000)
  to   space 1024K, 0% used [0x00000007eb000000,0x00000007eb000000,0x00000007eb100000)
 ParOldGen       total 260608K, used 244631K [0x00000007c0000000, 0x00000007cfe80000, 0x00000007eab00000)
  object space 260608K, 93% used [0x00000007c0000000,0x00000007ceee5d00,0x00000007cfe80000)
 Metaspace       used 86436K, committed 87232K, reserved 1130496K
  class space    used 8070K, committed 8384K, reserved 1048576K
}
Event: 18329.892 GC heap before
{Heap before GC invocations=27670 (full 631):
 PSYoungGen      total 5120K, used 3744K [0x00000007eab00000, 0x00000007eb100000, 0x0000000800000000)
  eden space 3584K, 100% used [0x00000007eab00000,0x00000007eae80000,0x00000007eae80000)
  from space 1536K, 10% used [0x00000007eae80000,0x00000007eaea8000,0x00000007eb000000)
  to   space 1024K, 0% used [0x00000007eb000000,0x00000007eb000000,0x00000007eb100000)
 ParOldGen       total 260608K, used 244631K [0x00000007c0000000, 0x00000007cfe80000, 0x00000007eab00000)
  object space 260608K, 93% used [0x00000007c0000000,0x00000007ceee5d00,0x00000007cfe80000)
 Metaspace       used 86436K, committed 87232K, reserved 1130496K
  class space    used 8070K, committed 8384K, reserved 1048576K
}
Event: 18329.894 GC heap after
{Heap after GC invocations=27670 (full 631):
 PSYoungGen      total 5120K, used 160K [0x00000007eab00000, 0x00000007eb080000, 0x0000000800000000)
  eden space 4608K, 0% used [0x00000007eab00000,0x00000007eab00000,0x00000007eaf80000)
  from space 512K, 31% used [0x00000007eb000000,0x00000007eb028000,0x00000007eb080000)
  to   space 512K, 0% used [0x00000007eaf80000,0x00000007eaf80000,0x00000007eb000000)
 ParOldGen       total 260608K, used 244671K [0x00000007c0000000, 0x00000007cfe80000, 0x00000007eab00000)
  object space 260608K, 93% used [0x00000007c0000000,0x00000007ceeefd00,0x00000007cfe80000)
 Metaspace       used 86436K, committed 87232K, reserved 1130496K
  class space    used 8070K, committed 8384K, reserved 1048576K
}
Event: 18329.901 GC heap before
{Heap before GC invocations=27671 (full 631):
 PSYoungGen      total 5120K, used 4768K [0x00000007eab00000, 0x00000007eb080000, 0x0000000800000000)
  eden space 4608K, 100% used [0x00000007eab00000,0x00000007eaf80000,0x00000007eaf80000)
  from space 512K, 31% used [0x00000007eb000000,0x00000007eb028000,0x00000007eb080000)
  to   space 512K, 0% used [0x00000007eaf80000,0x00000007eaf80000,0x00000007eb000000)
 ParOldGen       total 260608K, used 244671K [0x00000007c0000000, 0x00000007cfe80000, 0x00000007eab00000)
  object space 260608K, 93% used [0x00000007c0000000,0x00000007ceeefd00,0x00000007cfe80000)
 Metaspace       used 86436K, committed 87232K, reserved 1130496K
  class space    used 8070K, committed 8384K, reserved 1048576K
}
Event: 18329.903 GC heap after
{Heap after GC invocations=27671 (full 631):
 PSYoungGen      total 5120K, used 484K [0x00000007eab00000, 0x00000007eb480000, 0x0000000800000000)
  eden space 4608K, 0% used [0x00000007eab00000,0x00000007eab00000,0x00000007eaf80000)
  from space 512K, 94% used [0x00000007eaf80000,0x00000007eaff9090,0x00000007eb000000)
  to   space 2048K, 0% used [0x00000007eb280000,0x00000007eb280000,0x00000007eb480000)
 ParOldGen       total 260608K, used 245909K [0x00000007c0000000, 0x00000007cfe80000, 0x00000007eab00000)
  object space 260608K, 94% used [0x00000007c0000000,0x00000007cf0257a8,0x00000007cfe80000)
 Metaspace       used 86436K, committed 87232K, reserved 1130496K
  class space    used 8070K, committed 8384K, reserved 1048576K
}
Event: 18329.914 GC heap before
{Heap before GC invocations=27672 (full 631):
 PSYoungGen      total 5120K, used 5092K [0x00000007eab00000, 0x00000007eb480000, 0x0000000800000000)
  eden space 4608K, 100% used [0x00000007eab00000,0x00000007eaf80000,0x00000007eaf80000)
  from space 512K, 94% used [0x00000007eaf80000,0x00000007eaff9090,0x00000007eb000000)
  to   space 2048K, 0% used [0x00000007eb280000,0x00000007eb280000,0x00000007eb480000)
 ParOldGen       total 260608K, used 245909K [0x00000007c0000000, 0x00000007cfe80000, 0x00000007eab00000)
  object space 260608K, 94% used [0x00000007c0000000,0x00000007cf0257a8,0x00000007cfe80000)
 Metaspace       used 86436K, committed 87232K, reserved 1130496K
  class space    used 8070K, committed 8384K, reserved 1048576K
}
Event: 18329.916 GC heap after
{Heap after GC invocations=27672 (full 631):
 PSYoungGen      total 6144K, used 1134K [0x00000007eab00000, 0x00000007eb400000, 0x0000000800000000)
  eden space 4608K, 0% used [0x00000007eab00000,0x00000007eab00000,0x00000007eaf80000)
  from space 1536K, 73% used [0x00000007eb280000,0x00000007eb39bba0,0x00000007eb400000)
  to   space 1536K, 0% used [0x00000007eb100000,0x00000007eb100000,0x00000007eb280000)
 ParOldGen       total 260608K, used 246419K [0x00000007c0000000, 0x00000007cfe80000, 0x00000007eab00000)
  object space 260608K, 94% used [0x00000007c0000000,0x00000007cf0a4fa0,0x00000007cfe80000)
 Metaspace       used 86436K, committed 87232K, reserved 1130496K
  class space    used 8070K, committed 8384K, reserved 1048576K
}
Event: 18329.925 GC heap before
{Heap before GC invocations=27673 (full 631):
 PSYoungGen      total 6144K, used 5742K [0x00000007eab00000, 0x00000007eb400000, 0x0000000800000000)
  eden space 4608K, 99% used [0x00000007eab00000,0x00000007eaf7fff0,0x00000007eaf80000)
  from space 1536K, 73% used [0x00000007eb280000,0x00000007eb39bba0,0x00000007eb400000)
  to   space 1536K, 0% used [0x00000007eb100000,0x00000007eb100000,0x00000007eb280000)
 ParOldGen       total 260608K, used 246419K [0x00000007c0000000, 0x00000007cfe80000, 0x00000007eab00000)
  object space 260608K, 94% used [0x00000007c0000000,0x00000007cf0a4fa0,0x00000007cfe80000)
 Metaspace       used 86436K, committed 87232K, reserved 1130496K
  class space    used 8070K, committed 8384K, reserved 1048576K
}
Event: 18329.927 GC heap after
{Heap after GC invocations=27673 (full 631):
 PSYoungGen      total 6144K, used 1518K [0x00000007eab00000, 0x00000007eb680000, 0x0000000800000000)
  eden space 4608K, 0% used [0x00000007eab00000,0x00000007eab00000,0x00000007eaf80000)
  from space 1536K, 98% used [0x00000007eb100000,0x00000007eb27bba0,0x00000007eb280000)
  to   space 3584K, 0% used [0x00000007eb300000,0x00000007eb300000,0x00000007eb680000)
 ParOldGen       total 260608K, used 247879K [0x00000007c0000000, 0x00000007cfe80000, 0x00000007eab00000)
  object space 260608K, 95% used [0x00000007c0000000,0x00000007cf211e40,0x00000007cfe80000)
 Metaspace       used 86436K, committed 87232K, reserved 1130496K
  class space    used 8070K, committed 8384K, reserved 1048576K
}
Event: 18329.933 GC heap before
{Heap before GC invocations=27674 (full 631):
 PSYoungGen      total 6144K, used 6082K [0x00000007eab00000, 0x00000007eb680000, 0x0000000800000000)
  eden space 4608K, 99% used [0x00000007eab00000,0x00000007eaf74ed0,0x00000007eaf80000)
  from space 1536K, 98% used [0x00000007eb100000,0x00000007eb27bba0,0x00000007eb280000)
  to   space 3584K, 0% used [0x00000007eb300000,0x00000007eb300000,0x00000007eb680000)
 ParOldGen       total 260608K, used 247879K [0x00000007c0000000, 0x00000007cfe80000, 0x00000007eab00000)
  object space 260608K, 95% used [0x00000007c0000000,0x00000007cf211e40,0x00000007cfe80000)
 Metaspace       used 86436K, committed 87232K, reserved 1130496K
  class space    used 8070K, committed 8384K, reserved 1048576K
}
Event: 18329.935 GC heap after
{Heap after GC invocations=27674 (full 631):
 PSYoungGen      total 8192K, used 1674K [0x00000007eab00000, 0x00000007eb580000, 0x0000000800000000)
  eden space 5632K, 0% used [0x00000007eab00000,0x00000007eab00000,0x00000007eb080000)
  from space 2560K, 65% used [0x00000007eb300000,0x00000007eb4a2970,0x00000007eb580000)
  to   space 2560K, 0% used [0x00000007eb080000,0x00000007eb080000,0x00000007eb300000)
 ParOldGen       total 260608K, used 249424K [0x00000007c0000000, 0x00000007cfe80000, 0x00000007eab00000)
  object space 260608K, 95% used [0x00000007c0000000,0x00000007cf3943d8,0x00000007cfe80000)
 Metaspace       used 86436K, committed 87232K, reserved 1130496K
  class space    used 8070K, committed 8384K, reserved 1048576K
}
Event: 18329.948 GC heap before
{Heap before GC invocations=27675 (full 631):
 PSYoungGen      total 8192K, used 7306K [0x00000007eab00000, 0x00000007eb580000, 0x0000000800000000)
  eden space 5632K, 100% used [0x00000007eab00000,0x00000007eb080000,0x00000007eb080000)
  from space 2560K, 65% used [0x00000007eb300000,0x00000007eb4a2970,0x00000007eb580000)
  to   space 2560K, 0% used [0x00000007eb080000,0x00000007eb080000,0x00000007eb300000)
 ParOldGen       total 260608K, used 249424K [0x00000007c0000000, 0x00000007cfe80000, 0x00000007eab00000)
  object space 260608K, 95% used [0x00000007c0000000,0x00000007cf3943d8,0x00000007cfe80000)
 Metaspace       used 86436K, committed 87232K, reserved 1130496K
  class space    used 8070K, committed 8384K, reserved 1048576K
}
Event: 18329.950 GC heap after
{Heap after GC invocations=27675 (full 631):
 PSYoungGen      total 8192K, used 2484K [0x00000007eab00000, 0x00000007eb800000, 0x0000000800000000)
  eden space 5632K, 0% used [0x00000007eab00000,0x00000007eab00000,0x00000007eb080000)
  from space 2560K, 97% used [0x00000007eb080000,0x00000007eb2ed0a0,0x00000007eb300000)
  to   space 3072K, 0% used [0x00000007eb500000,0x00000007eb500000,0x00000007eb800000)
 ParOldGen       total 260608K, used 249544K [0x00000007c0000000, 0x00000007cfe80000, 0x00000007eab00000)
  object space 260608K, 95% used [0x00000007c0000000,0x00000007cf3b23e8,0x00000007cfe80000)
 Metaspace       used 86436K, committed 87232K, reserved 1130496K
  class space    used 8070K, committed 8384K, reserved 1048576K
}
Event: 18329.960 GC heap before
{Heap before GC invocations=27676 (full 631):
 PSYoungGen      total 8192K, used 8116K [0x00000007eab00000, 0x00000007eb800000, 0x0000000800000000)
  eden space 5632K, 100% used [0x00000007eab00000,0x00000007eb080000,0x00000007eb080000)
  from space 2560K, 97% used [0x00000007eb080000,0x00000007eb2ed0a0,0x00000007eb300000)
  to   space 3072K, 0% used [0x00000007eb500000,0x00000007eb500000,0x00000007eb800000)
 ParOldGen       total 260608K, used 249544K [0x00000007c0000000, 0x00000007cfe80000, 0x00000007eab00000)
  object space 260608K, 95% used [0x00000007c0000000,0x00000007cf3b23e8,0x00000007cfe80000)
 Metaspace       used 86436K, committed 87232K, reserved 1130496K
  class space    used 8070K, committed 8384K, reserved 1048576K
}
Event: 18329.962 GC heap after
{Heap after GC invocations=27676 (full 631):
 PSYoungGen      total 7680K, used 1614K [0x00000007eab00000, 0x00000007eb700000, 0x0000000800000000)
  eden space 5632K, 0% used [0x00000007eab00000,0x00000007eab00000,0x00000007eb080000)
  from space 2048K, 78% used [0x00000007eb500000,0x00000007eb693ba0,0x00000007eb700000)
  to   space 2048K, 0% used [0x00000007eb300000,0x00000007eb300000,0x00000007eb500000)
 ParOldGen       total 260608K, used 251877K [0x00000007c0000000, 0x00000007cfe80000, 0x00000007eab00000)
  object space 260608K, 96% used [0x00000007c0000000,0x00000007cf5f9698,0x00000007cfe80000)
 Metaspace       used 86436K, committed 87232K, reserved 1130496K
  class space    used 8070K, committed 8384K, reserved 1048576K
}
Event: 18329.972 GC heap before
{Heap before GC invocations=27677 (full 631):
 PSYoungGen      total 7680K, used 7246K [0x00000007eab00000, 0x00000007eb700000, 0x0000000800000000)
  eden space 5632K, 100% used [0x00000007eab00000,0x00000007eb080000,0x00000007eb080000)
  from space 2048K, 78% used [0x00000007eb500000,0x00000007eb693ba0,0x00000007eb700000)
  to   space 2048K, 0% used [0x00000007eb300000,0x00000007eb300000,0x00000007eb500000)
 ParOldGen       total 260608K, used 251877K [0x00000007c0000000, 0x00000007cfe80000, 0x00000007eab00000)
  object space 260608K, 96% used [0x00000007c0000000,0x00000007cf5f9698,0x00000007cfe80000)
 Metaspace       used 86436K, committed 87232K, reserved 1130496K
  class space    used 8070K, committed 8384K, reserved 1048576K
}

