# JRE version: OpenJDK Runtime Environment AdoptOpenJDK-16.0.1+9 (16.0.1+9) (build 16.0.1+9)
# Java VM: OpenJDK 64-Bit Server VM AdoptOpenJDK-16.0.1+9 (16.0.1+9, mixed mode, sharing, tiered, compressed oops, compressed class ptrs, parallel gc, bsd-amd64)
GC Precious Log:
 CPUs: 8 total, 8 available
 Memory: 8192M
 Large Page Support: Disabled
 NUMA Support: Disabled
 Compressed Oops: Enabled (Zero based)
 Alignments: Space 512K, Generation 512K, Heap 2M
 Heap Min Capacity: 100M
 Heap Initial Capacity: 100M
 Heap Max Capacity: 1G
 Pre-touch: Disabled
 Parallel Workers: 8
Heap:
 PSYoungGen      total 23040K, used 8015K [0x00000007eab00000, 0x00000007ecb80000, 0x0000000800000000)
  eden space 20480K, 26% used [0x00000007eab00000,0x00000007eb05b788,0x00000007ebf00000)
  from space 2560K, 98% used [0x00000007ec480000,0x00000007ec6f84b0,0x00000007ec700000)
  to   space 5632K, 0% used [0x00000007ebf00000,0x00000007ebf00000,0x00000007ec480000)
 ParOldGen       total 68608K, used 40985K [0x00000007c0000000, 0x00000007c4300000, 0x00000007eab00000)
  object space 68608K, 59% used [0x00000007c0000000,0x00000007c28064b0,0x00000007c4300000)
 Metaspace       used 49474K, committed 50304K, reserved 1097728K
  class space    used 5060K, committed 5440K, reserved 1048576K
GC Heap History (20 events):
Event: 4.590 GC heap before
{Heap before GC invocations=13 (full 2):
 PSYoungGen      total 25600K, used 25280K [0x00000007eab00000, 0x00000007ec900000, 0x0000000800000000)
  eden space 23552K, 100% used [0x00000007eab00000,0x00000007ec200000,0x00000007ec200000)
  from space 2048K, 84% used [0x00000007ec700000,0x00000007ec8b0000,0x00000007ec900000)
  to   space 3072K, 0% used [0x00000007ec300000,0x00000007ec300000,0x00000007ec600000)
 ParOldGen       total 68608K, used 21187K [0x00000007c0000000, 0x00000007c4300000, 0x00000007eab00000)
  object space 68608K, 30% used [0x00000007c0000000,0x00000007c14b0d48,0x00000007c4300000)
 Metaspace       used 36498K, committed 37056K, reserved 1089536K
  class space    used 3899K, committed 4160K, reserved 1048576K
}
Event: 4.593 GC heap after
{Heap after GC invocations=13 (full 2):
 PSYoungGen      total 25600K, used 2368K [0x00000007eab00000, 0x00000007ec780000, 0x0000000800000000)
  eden space 23040K, 0% used [0x00000007eab00000,0x00000007eab00000,0x00000007ec180000)
  from space 2560K, 92% used [0x00000007ec300000,0x00000007ec550010,0x00000007ec580000)
  to   space 2048K, 0% used [0x00000007ec580000,0x00000007ec580000,0x00000007ec780000)
 ParOldGen       total 68608K, used 22808K [0x00000007c0000000, 0x00000007c4300000, 0x00000007eab00000)
  object space 68608K, 33% used [0x00000007c0000000,0x00000007c16460a0,0x00000007c4300000)
 Metaspace       used 36498K, committed 37056K, reserved 1089536K
  class space    used 3899K, committed 4160K, reserved 1048576K
}
Event: 4.630 GC heap before
{Heap before GC invocations=14 (full 2):
 PSYoungGen      total 25600K, used 25408K [0x00000007eab00000, 0x00000007ec780000, 0x0000000800000000)
  eden space 23040K, 100% used [0x00000007eab00000,0x00000007ec180000,0x00000007ec180000)
  from space 2560K, 92% used [0x00000007ec300000,0x00000007ec550010,0x00000007ec580000)
  to   space 2048K, 0% used [0x00000007ec580000,0x00000007ec580000,0x00000007ec780000)
 ParOldGen       total 68608K, used 22808K [0x00000007c0000000, 0x00000007c4300000, 0x00000007eab00000)
  object space 68608K, 33% used [0x00000007c0000000,0x00000007c16460a0,0x00000007c4300000)
 Metaspace       used 37015K, committed 37568K, reserved 1089536K
  class space    used 3964K, committed 4224K, reserved 1048576K
}
Event: 4.633 GC heap after
{Heap after GC invocations=14 (full 2):
 PSYoungGen      total 24064K, used 2048K [0x00000007eab00000, 0x00000007ecb00000, 0x0000000800000000)
  eden space 22016K, 0% used [0x00000007eab00000,0x00000007eab00000,0x00000007ec080000)
  from space 2048K, 100% used [0x00000007ec580000,0x00000007ec780000,0x00000007ec780000)
  to   space 5120K, 0% used [0x00000007ec080000,0x00000007ec080000,0x00000007ec580000)
 ParOldGen       total 68608K, used 25056K [0x00000007c0000000, 0x00000007c4300000, 0x00000007eab00000)
  object space 68608K, 36% used [0x00000007c0000000,0x00000007c18780b0,0x00000007c4300000)
 Metaspace       used 37015K, committed 37568K, reserved 1089536K
  class space    used 3964K, committed 4224K, reserved 1048576K
}
Event: 4.677 GC heap before
{Heap before GC invocations=15 (full 2):
 PSYoungGen      total 24064K, used 24064K [0x00000007eab00000, 0x00000007ecb00000, 0x0000000800000000)
  eden space 22016K, 100% used [0x00000007eab00000,0x00000007ec080000,0x00000007ec080000)
  from space 2048K, 100% used [0x00000007ec580000,0x00000007ec780000,0x00000007ec780000)
  to   space 5120K, 0% used [0x00000007ec080000,0x00000007ec080000,0x00000007ec580000)
 ParOldGen       total 68608K, used 25056K [0x00000007c0000000, 0x00000007c4300000, 0x00000007eab00000)
  object space 68608K, 36% used [0x00000007c0000000,0x00000007c18780b0,0x00000007c4300000)
 Metaspace       used 37517K, committed 38144K, reserved 1089536K
  class space    used 4030K, committed 4288K, reserved 1048576K
}
Event: 4.679 GC heap after
{Heap after GC invocations=15 (full 2):
 PSYoungGen      total 24064K, used 2016K [0x00000007eab00000, 0x00000007ec680000, 0x0000000800000000)
  eden space 22016K, 0% used [0x00000007eab00000,0x00000007eab00000,0x00000007ec080000)
  from space 2048K, 98% used [0x00000007ec080000,0x00000007ec278000,0x00000007ec280000)
  to   space 3072K, 0% used [0x00000007ec380000,0x00000007ec380000,0x00000007ec680000)
 ParOldGen       total 68608K, used 27048K [0x00000007c0000000, 0x00000007c4300000, 0x00000007eab00000)
  object space 68608K, 39% used [0x00000007c0000000,0x00000007c1a6a0b0,0x00000007c4300000)
 Metaspace       used 37517K, committed 38144K, reserved 1089536K
  class space    used 4030K, committed 4288K, reserved 1048576K
}
Event: 4.889 GC heap before
{Heap before GC invocations=16 (full 2):
 PSYoungGen      total 24064K, used 24032K [0x00000007eab00000, 0x00000007ec680000, 0x0000000800000000)
  eden space 22016K, 100% used [0x00000007eab00000,0x00000007ec080000,0x00000007ec080000)
  from space 2048K, 98% used [0x00000007ec080000,0x00000007ec278000,0x00000007ec280000)
  to   space 3072K, 0% used [0x00000007ec380000,0x00000007ec380000,0x00000007ec680000)
 ParOldGen       total 68608K, used 27048K [0x00000007c0000000, 0x00000007c4300000, 0x00000007eab00000)
  object space 68608K, 39% used [0x00000007c0000000,0x00000007c1a6a0b0,0x00000007c4300000)
 Metaspace       used 39875K, committed 40512K, reserved 1089536K
  class space    used 4315K, committed 4608K, reserved 1048576K
}
Event: 4.892 GC heap after
{Heap after GC invocations=16 (full 2):
 PSYoungGen      total 24064K, used 1952K [0x00000007eab00000, 0x00000007ec580000, 0x0000000800000000)
  eden space 22016K, 0% used [0x00000007eab00000,0x00000007eab00000,0x00000007ec080000)
  from space 2048K, 95% used [0x00000007ec380000,0x00000007ec568000,0x00000007ec580000)
  to   space 2560K, 0% used [0x00000007ec080000,0x00000007ec080000,0x00000007ec300000)
 ParOldGen       total 68608K, used 28964K [0x00000007c0000000, 0x00000007c4300000, 0x00000007eab00000)
  object space 68608K, 42% used [0x00000007c0000000,0x00000007c1c49108,0x00000007c4300000)
 Metaspace       used 39875K, committed 40512K, reserved 1089536K
  class space    used 4315K, committed 4608K, reserved 1048576K
}
Event: 5.210 GC heap before
{Heap before GC invocations=17 (full 2):
 PSYoungGen      total 24064K, used 23968K [0x00000007eab00000, 0x00000007ec580000, 0x0000000800000000)
  eden space 22016K, 100% used [0x00000007eab00000,0x00000007ec080000,0x00000007ec080000)
  from space 2048K, 95% used [0x00000007ec380000,0x00000007ec568000,0x00000007ec580000)
  to   space 2560K, 0% used [0x00000007ec080000,0x00000007ec080000,0x00000007ec300000)
 ParOldGen       total 68608K, used 28964K [0x00000007c0000000, 0x00000007c4300000, 0x00000007eab00000)
  object space 68608K, 42% used [0x00000007c0000000,0x00000007c1c49108,0x00000007c4300000)
 Metaspace       used 44306K, committed 45056K, reserved 1089536K
  class space    used 4767K, committed 5120K, reserved 1048576K
}
Event: 5.213 GC heap after
{Heap after GC invocations=17 (full 2):
 PSYoungGen      total 23040K, used 956K [0x00000007eab00000, 0x00000007ec400000, 0x0000000800000000)
  eden space 22016K, 0% used [0x00000007eab00000,0x00000007eab00000,0x00000007ec080000)
  from space 1024K, 93% used [0x00000007ec080000,0x00000007ec16f3a0,0x00000007ec180000)
  to   space 1536K, 0% used [0x00000007ec280000,0x00000007ec280000,0x00000007ec400000)
 ParOldGen       total 68608K, used 30788K [0x00000007c0000000, 0x00000007c4300000, 0x00000007eab00000)
  object space 68608K, 44% used [0x00000007c0000000,0x00000007c1e11108,0x00000007c4300000)
 Metaspace       used 44306K, committed 45056K, reserved 1089536K
  class space    used 4767K, committed 5120K, reserved 1048576K
}
Event: 5.438 GC heap before
{Heap before GC invocations=18 (full 2):
 PSYoungGen      total 23040K, used 22972K [0x00000007eab00000, 0x00000007ec400000, 0x0000000800000000)
  eden space 22016K, 100% used [0x00000007eab00000,0x00000007ec080000,0x00000007ec080000)
  from space 1024K, 93% used [0x00000007ec080000,0x00000007ec16f3a0,0x00000007ec180000)
  to   space 1536K, 0% used [0x00000007ec280000,0x00000007ec280000,0x00000007ec400000)
 ParOldGen       total 68608K, used 30788K [0x00000007c0000000, 0x00000007c4300000, 0x00000007eab00000)
  object space 68608K, 44% used [0x00000007c0000000,0x00000007c1e11108,0x00000007c4300000)
 Metaspace       used 45477K, committed 46272K, reserved 1097728K
  class space    used 4855K, committed 5248K, reserved 1048576K
}
Event: 5.439 GC heap after
{Heap after GC invocations=18 (full 2):
 PSYoungGen      total 23040K, used 880K [0x00000007eab00000, 0x00000007ec380000, 0x0000000800000000)
  eden space 22016K, 0% used [0x00000007eab00000,0x00000007eab00000,0x00000007ec080000)
  from space 1024K, 85% used [0x00000007ec280000,0x00000007ec35c010,0x00000007ec380000)
  to   space 1024K, 0% used [0x00000007ec080000,0x00000007ec080000,0x00000007ec180000)
 ParOldGen       total 68608K, used 31671K [0x00000007c0000000, 0x00000007c4300000, 0x00000007eab00000)
  object space 68608K, 46% used [0x00000007c0000000,0x00000007c1eedec8,0x00000007c4300000)
 Metaspace       used 45477K, committed 46272K, reserved 1097728K
  class space    used 4855K, committed 5248K, reserved 1048576K
}
Event: 6.049 GC heap before
{Heap before GC invocations=19 (full 2):
 PSYoungGen      total 23040K, used 22896K [0x00000007eab00000, 0x00000007ec380000, 0x0000000800000000)
  eden space 22016K, 100% used [0x00000007eab00000,0x00000007ec080000,0x00000007ec080000)
  from space 1024K, 85% used [0x00000007ec280000,0x00000007ec35c010,0x00000007ec380000)
  to   space 1024K, 0% used [0x00000007ec080000,0x00000007ec080000,0x00000007ec180000)
 ParOldGen       total 68608K, used 31671K [0x00000007c0000000, 0x00000007c4300000, 0x00000007eab00000)
  object space 68608K, 46% used [0x00000007c0000000,0x00000007c1eedec8,0x00000007c4300000)
 Metaspace       used 46929K, committed 47744K, reserved 1097728K
  class space    used 4969K, committed 5312K, reserved 1048576K
}
Event: 6.053 GC heap after
{Heap after GC invocations=19 (full 2):
 PSYoungGen      total 23040K, used 1014K [0x00000007eab00000, 0x00000007ecc80000, 0x0000000800000000)
  eden space 22016K, 0% used [0x00000007eab00000,0x00000007eab00000,0x00000007ec080000)
  from space 1024K, 99% used [0x00000007ec080000,0x00000007ec17d950,0x00000007ec180000)
  to   space 6144K, 0% used [0x00000007ec680000,0x00000007ec680000,0x00000007ecc80000)
 ParOldGen       total 68608K, used 35682K [0x00000007c0000000, 0x00000007c4300000, 0x00000007eab00000)
  object space 68608K, 52% used [0x00000007c0000000,0x00000007c22d8b40,0x00000007c4300000)
 Metaspace       used 46929K, committed 47744K, reserved 1097728K
  class space    used 4969K, committed 5312K, reserved 1048576K
}
Event: 6.348 GC heap before
{Heap before GC invocations=20 (full 2):
 PSYoungGen      total 23040K, used 23030K [0x00000007eab00000, 0x00000007ecc80000, 0x0000000800000000)
  eden space 22016K, 100% used [0x00000007eab00000,0x00000007ec080000,0x00000007ec080000)
  from space 1024K, 99% used [0x00000007ec080000,0x00000007ec17d950,0x00000007ec180000)
  to   space 6144K, 0% used [0x00000007ec680000,0x00000007ec680000,0x00000007ecc80000)
 ParOldGen       total 68608K, used 35682K [0x00000007c0000000, 0x00000007c4300000, 0x00000007eab00000)
  object space 68608K, 52% used [0x00000007c0000000,0x00000007c22d8b40,0x00000007c4300000)
 Metaspace       used 48226K, committed 49024K, reserved 1097728K
  class space    used 5011K, committed 5376K, reserved 1048576K
}
Event: 6.351 GC heap after
{Heap after GC invocations=20 (full 2):
 PSYoungGen      total 24576K, used 2069K [0x00000007eab00000, 0x00000007ec900000, 0x0000000800000000)
  eden space 22016K, 0% used [0x00000007eab00000,0x00000007eab00000,0x00000007ec080000)
  from space 2560K, 80% used [0x00000007ec680000,0x00000007ec885490,0x00000007ec900000)
  to   space 3584K, 0% used [0x00000007ec200000,0x00000007ec200000,0x00000007ec580000)
 ParOldGen       total 68608K, used 36681K [0x00000007c0000000, 0x00000007c4300000, 0x00000007eab00000)
  object space 68608K, 53% used [0x00000007c0000000,0x00000007c23d2430,0x00000007c4300000)
 Metaspace       used 48226K, committed 49024K, reserved 1097728K
  class space    used 5011K, committed 5376K, reserved 1048576K
}
Event: 6.520 GC heap before
{Heap before GC invocations=21 (full 2):
 PSYoungGen      total 24576K, used 24085K [0x00000007eab00000, 0x00000007ec900000, 0x0000000800000000)
  eden space 22016K, 100% used [0x00000007eab00000,0x00000007ec080000,0x00000007ec080000)
  from space 2560K, 80% used [0x00000007ec680000,0x00000007ec885490,0x00000007ec900000)
  to   space 3584K, 0% used [0x00000007ec200000,0x00000007ec200000,0x00000007ec580000)
 ParOldGen       total 68608K, used 36681K [0x00000007c0000000, 0x00000007c4300000, 0x00000007eab00000)
  object space 68608K, 53% used [0x00000007c0000000,0x00000007c23d2430,0x00000007c4300000)
 Metaspace       used 48677K, committed 49472K, reserved 1097728K
  class space    used 5027K, committed 5376K, reserved 1048576K
}
Event: 6.522 GC heap after
{Heap after GC invocations=21 (full 2):
 PSYoungGen      total 24064K, used 1920K [0x00000007eab00000, 0x00000007ec700000, 0x0000000800000000)
  eden space 22016K, 0% used [0x00000007eab00000,0x00000007eab00000,0x00000007ec080000)
  from space 2048K, 93% used [0x00000007ec200000,0x00000007ec3e0010,0x00000007ec400000)
  to   space 2560K, 0% used [0x00000007ec480000,0x00000007ec480000,0x00000007ec700000)
 ParOldGen       total 68608K, used 38592K [0x00000007c0000000, 0x00000007c4300000, 0x00000007eab00000)
  object space 68608K, 56% used [0x00000007c0000000,0x00000007c25b01a0,0x00000007c4300000)
 Metaspace       used 48677K, committed 49472K, reserved 1097728K
  class space    used 5027K, committed 5376K, reserved 1048576K
}
Event: 6.785 GC heap before
{Heap before GC invocations=22 (full 2):
 PSYoungGen      total 24064K, used 23936K [0x00000007eab00000, 0x00000007ec700000, 0x0000000800000000)
  eden space 22016K, 100% used [0x00000007eab00000,0x00000007ec080000,0x00000007ec080000)
  from space 2048K, 93% used [0x00000007ec200000,0x00000007ec3e0010,0x00000007ec400000)
  to   space 2560K, 0% used [0x00000007ec480000,0x00000007ec480000,0x00000007ec700000)
 ParOldGen       total 68608K, used 38592K [0x00000007c0000000, 0x00000007c4300000, 0x00000007eab00000)
  object space 68608K, 56% used [0x00000007c0000000,0x00000007c25b01a0,0x00000007c4300000)
 Metaspace       used 49293K, committed 50048K, reserved 1097728K
  class space    used 5051K, committed 5376K, reserved 1048576K
}
Event: 6.789 GC heap after
{Heap after GC invocations=22 (full 2):
 PSYoungGen      total 23040K, used 2529K [0x00000007eab00000, 0x00000007ecb80000, 0x0000000800000000)
  eden space 20480K, 0% used [0x00000007eab00000,0x00000007eab00000,0x00000007ebf00000)
  from space 2560K, 98% used [0x00000007ec480000,0x00000007ec6f84b0,0x00000007ec700000)
  to   space 5632K, 0% used [0x00000007ebf00000,0x00000007ebf00000,0x00000007ec480000)
 ParOldGen       total 68608K, used 40985K [0x00000007c0000000, 0x00000007c4300000, 0x00000007eab00000)
  object space 68608K, 59% used [0x00000007c0000000,0x00000007c28064b0,0x00000007c4300000)
 Metaspace       used 49293K, committed 50048K, reserved 1097728K
  class space    used 5051K, committed 5376K, reserved 1048576K
}

