# JRE version: OpenJDK Runtime Environment AdoptOpenJDK-16.0.1+9 (16.0.1+9) (build 16.0.1+9)
# Java VM: OpenJDK 64-Bit Server VM AdoptOpenJDK-16.0.1+9 (16.0.1+9, mixed mode, sharing, tiered, compressed oops, compressed class ptrs, parallel gc, bsd-amd64)
GC Precious Log:
 CPUs: 8 total, 8 available
 Memory: 8192M
 Large Page Support: Disabled
 NUMA Support: Disabled
 Compressed Oops: Enabled (Zero based)
 Alignments: Space 512K, Generation 512K, Heap 2M
 Heap Min Capacity: 100M
 Heap Initial Capacity: 100M
 Heap Max Capacity: 1G
 Pre-touch: Disabled
 Parallel Workers: 8
Heap:
 PSYoungGen      total 6144K, used 1526K [0x00000007eab00000, 0x00000007eb680000, 0x0000000800000000)
  eden space 4608K, 0% used [0x00000007eab00000,0x00000007eab00000,0x00000007eaf80000)
  from space 1536K, 99% used [0x00000007eb000000,0x00000007eb17db88,0x00000007eb180000)
  to   space 3584K, 0% used [0x00000007eb300000,0x00000007eb300000,0x00000007eb680000)
 ParOldGen       total 163840K, used 163531K [0x00000007c0000000, 0x00000007ca000000, 0x00000007eab00000)
  object space 163840K, 99% used [0x00000007c0000000,0x00000007c9fb2ec8,0x00000007ca000000)
 Metaspace       used 78390K, committed 79360K, reserved 1122304K
  class space    used 7791K, committed 8192K, reserved 1048576K
GC Heap History (20 events):
Event: 678.395 GC heap after
{Heap after GC invocations=2518 (full 75):
 PSYoungGen      total 4096K, used 695K [0x00000007eab00000, 0x00000007eb000000, 0x0000000800000000)
  eden space 3072K, 0% used [0x00000007eab00000,0x00000007eab00000,0x00000007eae00000)
  from space 1024K, 67% used [0x00000007eaf00000,0x00000007eafadc78,0x00000007eb000000)
  to   space 1024K, 0% used [0x00000007eae00000,0x00000007eae00000,0x00000007eaf00000)
 ParOldGen       total 163840K, used 153913K [0x00000007c0000000, 0x00000007ca000000, 0x00000007eab00000)
  object space 163840K, 93% used [0x00000007c0000000,0x00000007c964e4c0,0x00000007ca000000)
 Metaspace       used 78389K, committed 79360K, reserved 1122304K
  class space    used 7791K, committed 8192K, reserved 1048576K
}
Event: 679.300 GC heap before
{Heap before GC invocations=2519 (full 75):
 PSYoungGen      total 4096K, used 3682K [0x00000007eab00000, 0x00000007eb000000, 0x0000000800000000)
  eden space 3072K, 97% used [0x00000007eab00000,0x00000007eadeae18,0x00000007eae00000)
  from space 1024K, 67% used [0x00000007eaf00000,0x00000007eafadc78,0x00000007eb000000)
  to   space 1024K, 0% used [0x00000007eae00000,0x00000007eae00000,0x00000007eaf00000)
 ParOldGen       total 163840K, used 153913K [0x00000007c0000000, 0x00000007ca000000, 0x00000007eab00000)
  object space 163840K, 93% used [0x00000007c0000000,0x00000007c964e4c0,0x00000007ca000000)
 Metaspace       used 78389K, committed 79360K, reserved 1122304K
  class space    used 7791K, committed 8192K, reserved 1048576K
}
Event: 679.302 GC heap after
{Heap after GC invocations=2519 (full 75):
 PSYoungGen      total 4096K, used 998K [0x00000007eab00000, 0x00000007eb200000, 0x0000000800000000)
  eden space 3072K, 0% used [0x00000007eab00000,0x00000007eab00000,0x00000007eae00000)
  from space 1024K, 97% used [0x00000007eae00000,0x00000007eaef9b98,0x00000007eaf00000)
  to   space 2048K, 0% used [0x00000007eb000000,0x00000007eb000000,0x00000007eb200000)
 ParOldGen       total 163840K, used 154725K [0x00000007c0000000, 0x00000007ca000000, 0x00000007eab00000)
  object space 163840K, 94% used [0x00000007c0000000,0x00000007c97196b8,0x00000007ca000000)
 Metaspace       used 78389K, committed 79360K, reserved 1122304K
  class space    used 7791K, committed 8192K, reserved 1048576K
}
Event: 679.308 GC heap before
{Heap before GC invocations=2520 (full 75):
 PSYoungGen      total 4096K, used 4070K [0x00000007eab00000, 0x00000007eb200000, 0x0000000800000000)
  eden space 3072K, 100% used [0x00000007eab00000,0x00000007eae00000,0x00000007eae00000)
  from space 1024K, 97% used [0x00000007eae00000,0x00000007eaef9b98,0x00000007eaf00000)
  to   space 2048K, 0% used [0x00000007eb000000,0x00000007eb000000,0x00000007eb200000)
 ParOldGen       total 163840K, used 154725K [0x00000007c0000000, 0x00000007ca000000, 0x00000007eab00000)
  object space 163840K, 94% used [0x00000007c0000000,0x00000007c97196b8,0x00000007ca000000)
 Metaspace       used 78389K, committed 79360K, reserved 1122304K
  class space    used 7791K, committed 8192K, reserved 1048576K
}
Event: 679.309 GC heap after
{Heap after GC invocations=2520 (full 75):
 PSYoungGen      total 5632K, used 951K [0x00000007eab00000, 0x00000007eb200000, 0x0000000800000000)
  eden space 3584K, 0% used [0x00000007eab00000,0x00000007eab00000,0x00000007eae80000)
  from space 2048K, 46% used [0x00000007eb000000,0x00000007eb0edc78,0x00000007eb200000)
  to   space 1536K, 0% used [0x00000007eae80000,0x00000007eae80000,0x00000007eb000000)
 ParOldGen       total 163840K, used 155743K [0x00000007c0000000, 0x00000007ca000000, 0x00000007eab00000)
  object space 163840K, 95% used [0x00000007c0000000,0x00000007c9817c28,0x00000007ca000000)
 Metaspace       used 78389K, committed 79360K, reserved 1122304K
  class space    used 7791K, committed 8192K, reserved 1048576K
}
Event: 679.316 GC heap before
{Heap before GC invocations=2521 (full 75):
 PSYoungGen      total 5632K, used 4535K [0x00000007eab00000, 0x00000007eb200000, 0x0000000800000000)
  eden space 3584K, 100% used [0x00000007eab00000,0x00000007eae80000,0x00000007eae80000)
  from space 2048K, 46% used [0x00000007eb000000,0x00000007eb0edc78,0x00000007eb200000)
  to   space 1536K, 0% used [0x00000007eae80000,0x00000007eae80000,0x00000007eb000000)
 ParOldGen       total 163840K, used 155743K [0x00000007c0000000, 0x00000007ca000000, 0x00000007eab00000)
  object space 163840K, 95% used [0x00000007c0000000,0x00000007c9817c28,0x00000007ca000000)
 Metaspace       used 78389K, committed 79360K, reserved 1122304K
  class space    used 7791K, committed 8192K, reserved 1048576K
}
Event: 679.317 GC heap after
{Heap after GC invocations=2521 (full 75):
 PSYoungGen      total 5120K, used 1142K [0x00000007eab00000, 0x00000007eb280000, 0x0000000800000000)
  eden space 3584K, 0% used [0x00000007eab00000,0x00000007eab00000,0x00000007eae80000)
  from space 1536K, 74% used [0x00000007eae80000,0x00000007eaf9db88,0x00000007eb000000)
  to   space 1536K, 0% used [0x00000007eb100000,0x00000007eb100000,0x00000007eb280000)
 ParOldGen       total 163840K, used 156556K [0x00000007c0000000, 0x00000007ca000000, 0x00000007eab00000)
  object space 163840K, 95% used [0x00000007c0000000,0x00000007c98e30e8,0x00000007ca000000)
 Metaspace       used 78389K, committed 79360K, reserved 1122304K
  class space    used 7791K, committed 8192K, reserved 1048576K
}
Event: 679.324 GC heap before
{Heap before GC invocations=2522 (full 75):
 PSYoungGen      total 5120K, used 4726K [0x00000007eab00000, 0x00000007eb280000, 0x0000000800000000)
  eden space 3584K, 100% used [0x00000007eab00000,0x00000007eae80000,0x00000007eae80000)
  from space 1536K, 74% used [0x00000007eae80000,0x00000007eaf9db88,0x00000007eb000000)
  to   space 1536K, 0% used [0x00000007eb100000,0x00000007eb100000,0x00000007eb280000)
 ParOldGen       total 163840K, used 156556K [0x00000007c0000000, 0x00000007ca000000, 0x00000007eab00000)
  object space 163840K, 95% used [0x00000007c0000000,0x00000007c98e30e8,0x00000007ca000000)
 Metaspace       used 78389K, committed 79360K, reserved 1122304K
  class space    used 7791K, committed 8192K, reserved 1048576K
}
Event: 679.326 GC heap after
{Heap after GC invocations=2522 (full 75):
 PSYoungGen      total 6144K, used 1248K [0x00000007eab00000, 0x00000007eb280000, 0x0000000800000000)
  eden space 4608K, 0% used [0x00000007eab00000,0x00000007eab00000,0x00000007eaf80000)
  from space 1536K, 81% used [0x00000007eb100000,0x00000007eb238000,0x00000007eb280000)
  to   space 1536K, 0% used [0x00000007eaf80000,0x00000007eaf80000,0x00000007eb100000)
 ParOldGen       total 163840K, used 157503K [0x00000007c0000000, 0x00000007ca000000, 0x00000007eab00000)
  object space 163840K, 96% used [0x00000007c0000000,0x00000007c99cfc10,0x00000007ca000000)
 Metaspace       used 78389K, committed 79360K, reserved 1122304K
  class space    used 7791K, committed 8192K, reserved 1048576K
}
Event: 681.301 GC heap before
{Heap before GC invocations=2523 (full 75):
 PSYoungGen      total 6144K, used 5856K [0x00000007eab00000, 0x00000007eb280000, 0x0000000800000000)
  eden space 4608K, 100% used [0x00000007eab00000,0x00000007eaf80000,0x00000007eaf80000)
  from space 1536K, 81% used [0x00000007eb100000,0x00000007eb238000,0x00000007eb280000)
  to   space 1536K, 0% used [0x00000007eaf80000,0x00000007eaf80000,0x00000007eb100000)
 ParOldGen       total 163840K, used 157503K [0x00000007c0000000, 0x00000007ca000000, 0x00000007eab00000)
  object space 163840K, 96% used [0x00000007c0000000,0x00000007c99cfc10,0x00000007ca000000)
 Metaspace       used 78389K, committed 79360K, reserved 1122304K
  class space    used 7791K, committed 8192K, reserved 1048576K
}
Event: 681.303 GC heap after
{Heap after GC invocations=2523 (full 75):
 PSYoungGen      total 6144K, used 1526K [0x00000007eab00000, 0x00000007eb580000, 0x0000000800000000)
  eden space 4608K, 0% used [0x00000007eab00000,0x00000007eab00000,0x00000007eaf80000)
  from space 1536K, 99% used [0x00000007eaf80000,0x00000007eb0fdb88,0x00000007eb100000)
  to   space 3072K, 0% used [0x00000007eb280000,0x00000007eb280000,0x00000007eb580000)
 ParOldGen       total 163840K, used 158665K [0x00000007c0000000, 0x00000007ca000000, 0x00000007eab00000)
  object space 163840K, 96% used [0x00000007c0000000,0x00000007c9af2688,0x00000007ca000000)
 Metaspace       used 78389K, committed 79360K, reserved 1122304K
  class space    used 7791K, committed 8192K, reserved 1048576K
}
Event: 681.313 GC heap before
{Heap before GC invocations=2524 (full 75):
 PSYoungGen      total 6144K, used 6134K [0x00000007eab00000, 0x00000007eb580000, 0x0000000800000000)
  eden space 4608K, 100% used [0x00000007eab00000,0x00000007eaf80000,0x00000007eaf80000)
  from space 1536K, 99% used [0x00000007eaf80000,0x00000007eb0fdb88,0x00000007eb100000)
  to   space 3072K, 0% used [0x00000007eb280000,0x00000007eb280000,0x00000007eb580000)
 ParOldGen       total 163840K, used 158665K [0x00000007c0000000, 0x00000007ca000000, 0x00000007eab00000)
  object space 163840K, 96% used [0x00000007c0000000,0x00000007c9af2688,0x00000007ca000000)
 Metaspace       used 78389K, committed 79360K, reserved 1122304K
  class space    used 7791K, committed 8192K, reserved 1048576K
}
Event: 681.314 GC heap after
{Heap after GC invocations=2524 (full 75):
 PSYoungGen      total 6144K, used 1344K [0x00000007eab00000, 0x00000007eb400000, 0x0000000800000000)
  eden space 4608K, 0% used [0x00000007eab00000,0x00000007eab00000,0x00000007eaf80000)
  from space 1536K, 87% used [0x00000007eb280000,0x00000007eb3d0000,0x00000007eb400000)
  to   space 2048K, 0% used [0x00000007eb000000,0x00000007eb000000,0x00000007eb200000)
 ParOldGen       total 163840K, used 160186K [0x00000007c0000000, 0x00000007ca000000, 0x00000007eab00000)
  object space 163840K, 97% used [0x00000007c0000000,0x00000007c9c6e828,0x00000007ca000000)
 Metaspace       used 78389K, committed 79360K, reserved 1122304K
  class space    used 7791K, committed 8192K, reserved 1048576K
}
Event: 681.322 GC heap before
{Heap before GC invocations=2525 (full 75):
 PSYoungGen      total 6144K, used 5952K [0x00000007eab00000, 0x00000007eb400000, 0x0000000800000000)
  eden space 4608K, 100% used [0x00000007eab00000,0x00000007eaf80000,0x00000007eaf80000)
  from space 1536K, 87% used [0x00000007eb280000,0x00000007eb3d0000,0x00000007eb400000)
  to   space 2048K, 0% used [0x00000007eb000000,0x00000007eb000000,0x00000007eb200000)
 ParOldGen       total 163840K, used 160186K [0x00000007c0000000, 0x00000007ca000000, 0x00000007eab00000)
  object space 163840K, 97% used [0x00000007c0000000,0x00000007c9c6e828,0x00000007ca000000)
 Metaspace       used 78390K, committed 79360K, reserved 1122304K
  class space    used 7791K, committed 8192K, reserved 1048576K
}
Event: 681.323 GC heap after
{Heap after GC invocations=2525 (full 75):
 PSYoungGen      total 5632K, used 717K [0x00000007eab00000, 0x00000007eb300000, 0x0000000800000000)
  eden space 4608K, 0% used [0x00000007eab00000,0x00000007eab00000,0x00000007eaf80000)
  from space 1024K, 70% used [0x00000007eb000000,0x00000007eb0b3710,0x00000007eb100000)
  to   space 1536K, 0% used [0x00000007eb180000,0x00000007eb180000,0x00000007eb300000)
 ParOldGen       total 163840K, used 161400K [0x00000007c0000000, 0x00000007ca000000, 0x00000007eab00000)
  object space 163840K, 98% used [0x00000007c0000000,0x00000007c9d9e368,0x00000007ca000000)
 Metaspace       used 78390K, committed 79360K, reserved 1122304K
  class space    used 7791K, committed 8192K, reserved 1048576K
}
Event: 681.330 GC heap before
{Heap before GC invocations=2526 (full 75):
 PSYoungGen      total 5632K, used 5325K [0x00000007eab00000, 0x00000007eb300000, 0x0000000800000000)
  eden space 4608K, 100% used [0x00000007eab00000,0x00000007eaf80000,0x00000007eaf80000)
  from space 1024K, 70% used [0x00000007eb000000,0x00000007eb0b3710,0x00000007eb100000)
  to   space 1536K, 0% used [0x00000007eb180000,0x00000007eb180000,0x00000007eb300000)
 ParOldGen       total 163840K, used 161400K [0x00000007c0000000, 0x00000007ca000000, 0x00000007eab00000)
  object space 163840K, 98% used [0x00000007c0000000,0x00000007c9d9e368,0x00000007ca000000)
 Metaspace       used 78390K, committed 79360K, reserved 1122304K
  class space    used 7791K, committed 8192K, reserved 1048576K
}
Event: 681.331 GC heap after
{Heap after GC invocations=2526 (full 75):
 PSYoungGen      total 6144K, used 1367K [0x00000007eab00000, 0x00000007eb300000, 0x0000000800000000)
  eden space 4608K, 0% used [0x00000007eab00000,0x00000007eab00000,0x00000007eaf80000)
  from space 1536K, 89% used [0x00000007eb180000,0x00000007eb2d5c78,0x00000007eb300000)
  to   space 1536K, 0% used [0x00000007eb000000,0x00000007eb000000,0x00000007eb180000)
 ParOldGen       total 163840K, used 162010K [0x00000007c0000000, 0x00000007ca000000, 0x00000007eab00000)
  object space 163840K, 98% used [0x00000007c0000000,0x00000007c9e36810,0x00000007ca000000)
 Metaspace       used 78390K, committed 79360K, reserved 1122304K
  class space    used 7791K, committed 8192K, reserved 1048576K
}
Event: 684.953 GC heap before
{Heap before GC invocations=2527 (full 75):
 PSYoungGen      total 6144K, used 5975K [0x00000007eab00000, 0x00000007eb300000, 0x0000000800000000)
  eden space 4608K, 100% used [0x00000007eab00000,0x00000007eaf80000,0x00000007eaf80000)
  from space 1536K, 89% used [0x00000007eb180000,0x00000007eb2d5c78,0x00000007eb300000)
  to   space 1536K, 0% used [0x00000007eb000000,0x00000007eb000000,0x00000007eb180000)
 ParOldGen       total 163840K, used 162010K [0x00000007c0000000, 0x00000007ca000000, 0x00000007eab00000)
  object space 163840K, 98% used [0x00000007c0000000,0x00000007c9e36810,0x00000007ca000000)
 Metaspace       used 78390K, committed 79360K, reserved 1122304K
  class space    used 7791K, committed 8192K, reserved 1048576K
}
Event: 684.954 GC heap after
{Heap after GC invocations=2527 (full 75):
 PSYoungGen      total 6144K, used 1526K [0x00000007eab00000, 0x00000007eb680000, 0x0000000800000000)
  eden space 4608K, 0% used [0x00000007eab00000,0x00000007eab00000,0x00000007eaf80000)
  from space 1536K, 99% used [0x00000007eb000000,0x00000007eb17db88,0x00000007eb180000)
  to   space 3584K, 0% used [0x00000007eb300000,0x00000007eb300000,0x00000007eb680000)
 ParOldGen       total 163840K, used 163531K [0x00000007c0000000, 0x00000007ca000000, 0x00000007eab00000)
  object space 163840K, 99% used [0x00000007c0000000,0x00000007c9fb2ec8,0x00000007ca000000)
 Metaspace       used 78390K, committed 79360K, reserved 1122304K
  class space    used 7791K, committed 8192K, reserved 1048576K
}
Event: 684.954 GC heap before
{Heap before GC invocations=2528 (full 76):
 PSYoungGen      total 6144K, used 1526K [0x00000007eab00000, 0x00000007eb680000, 0x0000000800000000)
  eden space 4608K, 0% used [0x00000007eab00000,0x00000007eab00000,0x00000007eaf80000)
  from space 1536K, 99% used [0x00000007eb000000,0x00000007eb17db88,0x00000007eb180000)
  to   space 3584K, 0% used [0x00000007eb300000,0x00000007eb300000,0x00000007eb680000)
 ParOldGen       total 163840K, used 163531K [0x00000007c0000000, 0x00000007ca000000, 0x00000007eab00000)
  object space 163840K, 99% used [0x00000007c0000000,0x00000007c9fb2ec8,0x00000007ca000000)
 Metaspace       used 78390K, committed 79360K, reserved 1122304K
  class space    used 7791K, committed 8192K, reserved 1048576K
}

